<?xml version="1.0" encoding="UTF-8"?>
<testsuite name="CategoryTest" tests="10" skipped="0" failures="0" errors="0" timestamp="2016-05-09T16:33:49" hostname="epicodus-79.local" time="0.13">
  <properties/>
  <testcase name="save_savesObjectIntoDatabase_true" classname="CategoryTest" time="0.013"/>
  <testcase name="getName_categoryInstantiatesWithName_String" classname="CategoryTest" time="0.003"/>
  <testcase name="Category_instantiatesCorrectly_true" classname="CategoryTest" time="0.004"/>
  <testcase name="getTasks_returnsAllTasks_List" classname="CategoryTest" time="0.024"/>
  <testcase name="all_emptyAtFirst_0" classname="CategoryTest" time="0.007"/>
  <testcase name="find_findCategoryInDatabase_true" classname="CategoryTest" time="0.012"/>
  <testcase name="delete_deletesAllTasksAndCategoriesAssociations" classname="CategoryTest" time="0.025"/>
  <testcase name="save_assignsIdToObject_int" classname="CategoryTest" time="0.012"/>
  <testcase name="equals_returnsTrueIfNamesAretheSame_true" classname="CategoryTest" time="0.004"/>
  <testcase name="addTask_addsTaskToCategory_true" classname="CategoryTest" time="0.022"/>
  <system-out><![CDATA[]]></system-out>
  <system-err><![CDATA[]]></system-err>
</testsuite>
