<?xml version="1.0" encoding="UTF-8"?>
<testsuite name="AppTest" tests="5" skipped="0" failures="2" errors="0" timestamp="2016-04-27T23:48:25" hostname="epicodus-58.local" time="1.703">
  <properties/>
  <testcase name="tasksIsAddedAndDisplayed" classname="AppTest" time="1.101">
    <failure message="org.openqa.selenium.NoSuchElementException: No element is displayed or enabled. Can't set a new value.&#10;For documentation on this error, please visit: http://seleniumhq.org/exceptions/no_such_element.html&#10;Build info: version: '2.44.0', revision: '76d78cf323ce037c5f92db6c1bba601c2ac43ad8', time: '2014-10-23 13:11:40'&#10;System info: host: 'epicodus-58.local', ip: '10.46.8.107', os.name: 'Mac OS X', os.arch: 'x86_64', os.version: '10.11.2', java.version: '1.8.0_66'&#10;Driver info: driver.version: unknown" type="org.openqa.selenium.NoSuchElementException">org.openqa.selenium.NoSuchElementException: No element is displayed or enabled. Can't set a new value.
For documentation on this error, please visit: http://seleniumhq.org/exceptions/no_such_element.html
Build info: version: '2.44.0', revision: '76d78cf323ce037c5f92db6c1bba601c2ac43ad8', time: '2014-10-23 13:11:40'
System info: host: 'epicodus-58.local', ip: '10.46.8.107', os.name: 'Mac OS X', os.arch: 'x86_64', os.version: '10.11.2', java.version: '1.8.0_66'
Driver info: driver.version: unknown
	at org.fluentlenium.core.domain.FluentList.text(FluentList.java:93)
	at org.fluentlenium.core.action.FillConstructor.with(FillConstructor.java:46)
	at AppTest.tasksIsAddedAndDisplayed(AppTest.java:67)
	at sun.reflect.NativeMethodAccessorImpl.invoke0(Native Method)
	at sun.reflect.NativeMethodAccessorImpl.invoke(NativeMethodAccessorImpl.java:62)
	at sun.reflect.DelegatingMethodAccessorImpl.invoke(DelegatingMethodAccessorImpl.java:43)
	at java.lang.reflect.Method.invoke(Method.java:497)
	at org.junit.runners.model.FrameworkMethod$1.runReflectiveCall(FrameworkMethod.java:50)
	at org.junit.internal.runners.model.ReflectiveCallable.run(ReflectiveCallable.java:12)
	at org.junit.runners.model.FrameworkMethod.invokeExplosively(FrameworkMethod.java:47)
	at org.junit.internal.runners.statements.InvokeMethod.evaluate(InvokeMethod.java:17)
	at org.junit.rules.ExternalResource$1.evaluate(ExternalResource.java:48)
	at org.junit.rules.TestWatcher$1.evaluate(TestWatcher.java:55)
	at org.junit.rules.TestWatcher$1.evaluate(TestWatcher.java:55)
	at org.junit.rules.RunRules.evaluate(RunRules.java:20)
	at org.junit.runners.ParentRunner.runLeaf(ParentRunner.java:325)
	at org.junit.runners.BlockJUnit4ClassRunner.runChild(BlockJUnit4ClassRunner.java:78)
	at org.junit.runners.BlockJUnit4ClassRunner.runChild(BlockJUnit4ClassRunner.java:57)
	at org.junit.runners.ParentRunner$3.run(ParentRunner.java:290)
	at org.junit.runners.ParentRunner$1.schedule(ParentRunner.java:71)
	at org.junit.runners.ParentRunner.runChildren(ParentRunner.java:288)
	at org.junit.runners.ParentRunner.access$000(ParentRunner.java:58)
	at org.junit.runners.ParentRunner$2.evaluate(ParentRunner.java:268)
	at org.junit.internal.runners.statements.RunAfters.evaluate(RunAfters.java:27)
	at org.junit.rules.ExternalResource$1.evaluate(ExternalResource.java:48)
	at org.junit.rules.RunRules.evaluate(RunRules.java:20)
	at org.junit.runners.ParentRunner.run(ParentRunner.java:363)
	at org.gradle.api.internal.tasks.testing.junit.JUnitTestClassExecuter.runTestClass(JUnitTestClassExecuter.java:105)
	at org.gradle.api.internal.tasks.testing.junit.JUnitTestClassExecuter.execute(JUnitTestClassExecuter.java:56)
	at org.gradle.api.internal.tasks.testing.junit.JUnitTestClassProcessor.processTestClass(JUnitTestClassProcessor.java:64)
	at org.gradle.api.internal.tasks.testing.SuiteTestClassProcessor.processTestClass(SuiteTestClassProcessor.java:50)
	at sun.reflect.NativeMethodAccessorImpl.invoke0(Native Method)
	at sun.reflect.NativeMethodAccessorImpl.invoke(NativeMethodAccessorImpl.java:62)
	at sun.reflect.DelegatingMethodAccessorImpl.invoke(DelegatingMethodAccessorImpl.java:43)
	at java.lang.reflect.Method.invoke(Method.java:497)
	at org.gradle.messaging.dispatch.ReflectionDispatch.dispatch(ReflectionDispatch.java:35)
	at org.gradle.messaging.dispatch.ReflectionDispatch.dispatch(ReflectionDispatch.java:24)
	at org.gradle.messaging.dispatch.ContextClassLoaderDispatch.dispatch(ContextClassLoaderDispatch.java:32)
	at org.gradle.messaging.dispatch.ProxyDispatchAdapter$DispatchingInvocationHandler.invoke(ProxyDispatchAdapter.java:93)
	at com.sun.proxy.$Proxy2.processTestClass(Unknown Source)
	at org.gradle.api.internal.tasks.testing.worker.TestWorker.processTestClass(TestWorker.java:106)
	at sun.reflect.NativeMethodAccessorImpl.invoke0(Native Method)
	at sun.reflect.NativeMethodAccessorImpl.invoke(NativeMethodAccessorImpl.java:62)
	at sun.reflect.DelegatingMethodAccessorImpl.invoke(DelegatingMethodAccessorImpl.java:43)
	at java.lang.reflect.Method.invoke(Method.java:497)
	at org.gradle.messaging.dispatch.ReflectionDispatch.dispatch(ReflectionDispatch.java:35)
	at org.gradle.messaging.dispatch.ReflectionDispatch.dispatch(ReflectionDispatch.java:24)
	at org.gradle.messaging.remote.internal.hub.MessageHub$Handler.run(MessageHub.java:360)
	at org.gradle.internal.concurrent.ExecutorPolicy$CatchAndRecordFailures.onExecute(ExecutorPolicy.java:54)
	at org.gradle.internal.concurrent.StoppableExecutorImpl$1.run(StoppableExecutorImpl.java:40)
	at java.util.concurrent.ThreadPoolExecutor.runWorker(ThreadPoolExecutor.java:1142)
	at java.util.concurrent.ThreadPoolExecutor$Worker.run(ThreadPoolExecutor.java:617)
	at java.lang.Thread.run(Thread.java:745)
</failure>
  </testcase>
  <testcase name="rootTest" classname="AppTest" time="0.025"/>
  <testcase name="categoryIsCreatedTest" classname="AppTest" time="0.177"/>
  <testcase name="categoryIsDisplayedTest" classname="AppTest" time="0.193"/>
  <testcase name="categoryTasksFormIsDisplayed" classname="AppTest" time="0.191">
    <failure message="java.lang.AssertionError: &#10;Expecting:&#10; &lt;&quot;&lt;?xml version=&quot;1.0&quot; encoding=&quot;UTF-8&quot;?&gt;&#13;&#10;&lt;html&gt;&#13;&#10;  &lt;head/&gt;&#13;&#10;  &lt;body&gt;&#13;&#10;    &lt;h2&gt;&#13;&#10;      500 Internal Error&#13;&#10;    &lt;/h2&gt;&#13;&#10;  &lt;/body&gt;&#13;&#10;&lt;/html&gt;&#13;&#10;&quot;&gt;&#10;to contain:&#10; &lt;&quot;Add a Task to Shopping&quot;&gt; " type="java.lang.AssertionError">java.lang.AssertionError: 
Expecting:
 &lt;&quot;&lt;?xml version=&quot;1.0&quot; encoding=&quot;UTF-8&quot;?&gt;
&lt;html&gt;
  &lt;head/&gt;
  &lt;body&gt;
    &lt;h2&gt;
      500 Internal Error
    &lt;/h2&gt;
  &lt;/body&gt;
&lt;/html&gt;
&quot;&gt;
to contain:
 &lt;&quot;Add a Task to Shopping&quot;&gt; 
	at AppTest.categoryTasksFormIsDisplayed(AppTest.java:56)
	at sun.reflect.NativeMethodAccessorImpl.invoke0(Native Method)
	at sun.reflect.NativeMethodAccessorImpl.invoke(NativeMethodAccessorImpl.java:62)
	at sun.reflect.DelegatingMethodAccessorImpl.invoke(DelegatingMethodAccessorImpl.java:43)
	at java.lang.reflect.Method.invoke(Method.java:497)
	at org.junit.runners.model.FrameworkMethod$1.runReflectiveCall(FrameworkMethod.java:50)
	at org.junit.internal.runners.model.ReflectiveCallable.run(ReflectiveCallable.java:12)
	at org.junit.runners.model.FrameworkMethod.invokeExplosively(FrameworkMethod.java:47)
	at org.junit.internal.runners.statements.InvokeMethod.evaluate(InvokeMethod.java:17)
	at org.junit.rules.ExternalResource$1.evaluate(ExternalResource.java:48)
	at org.junit.rules.TestWatcher$1.evaluate(TestWatcher.java:55)
	at org.junit.rules.TestWatcher$1.evaluate(TestWatcher.java:55)
	at org.junit.rules.RunRules.evaluate(RunRules.java:20)
	at org.junit.runners.ParentRunner.runLeaf(ParentRunner.java:325)
	at org.junit.runners.BlockJUnit4ClassRunner.runChild(BlockJUnit4ClassRunner.java:78)
	at org.junit.runners.BlockJUnit4ClassRunner.runChild(BlockJUnit4ClassRunner.java:57)
	at org.junit.runners.ParentRunner$3.run(ParentRunner.java:290)
	at org.junit.runners.ParentRunner$1.schedule(ParentRunner.java:71)
	at org.junit.runners.ParentRunner.runChildren(ParentRunner.java:288)
	at org.junit.runners.ParentRunner.access$000(ParentRunner.java:58)
	at org.junit.runners.ParentRunner$2.evaluate(ParentRunner.java:268)
	at org.junit.internal.runners.statements.RunAfters.evaluate(RunAfters.java:27)
	at org.junit.rules.ExternalResource$1.evaluate(ExternalResource.java:48)
	at org.junit.rules.RunRules.evaluate(RunRules.java:20)
	at org.junit.runners.ParentRunner.run(ParentRunner.java:363)
	at org.gradle.api.internal.tasks.testing.junit.JUnitTestClassExecuter.runTestClass(JUnitTestClassExecuter.java:105)
	at org.gradle.api.internal.tasks.testing.junit.JUnitTestClassExecuter.execute(JUnitTestClassExecuter.java:56)
	at org.gradle.api.internal.tasks.testing.junit.JUnitTestClassProcessor.processTestClass(JUnitTestClassProcessor.java:64)
	at org.gradle.api.internal.tasks.testing.SuiteTestClassProcessor.processTestClass(SuiteTestClassProcessor.java:50)
	at sun.reflect.NativeMethodAccessorImpl.invoke0(Native Method)
	at sun.reflect.NativeMethodAccessorImpl.invoke(NativeMethodAccessorImpl.java:62)
	at sun.reflect.DelegatingMethodAccessorImpl.invoke(DelegatingMethodAccessorImpl.java:43)
	at java.lang.reflect.Method.invoke(Method.java:497)
	at org.gradle.messaging.dispatch.ReflectionDispatch.dispatch(ReflectionDispatch.java:35)
	at org.gradle.messaging.dispatch.ReflectionDispatch.dispatch(ReflectionDispatch.java:24)
	at org.gradle.messaging.dispatch.ContextClassLoaderDispatch.dispatch(ContextClassLoaderDispatch.java:32)
	at org.gradle.messaging.dispatch.ProxyDispatchAdapter$DispatchingInvocationHandler.invoke(ProxyDispatchAdapter.java:93)
	at com.sun.proxy.$Proxy2.processTestClass(Unknown Source)
	at org.gradle.api.internal.tasks.testing.worker.TestWorker.processTestClass(TestWorker.java:106)
	at sun.reflect.NativeMethodAccessorImpl.invoke0(Native Method)
	at sun.reflect.NativeMethodAccessorImpl.invoke(NativeMethodAccessorImpl.java:62)
	at sun.reflect.DelegatingMethodAccessorImpl.invoke(DelegatingMethodAccessorImpl.java:43)
	at java.lang.reflect.Method.invoke(Method.java:497)
	at org.gradle.messaging.dispatch.ReflectionDispatch.dispatch(ReflectionDispatch.java:35)
	at org.gradle.messaging.dispatch.ReflectionDispatch.dispatch(ReflectionDispatch.java:24)
	at org.gradle.messaging.remote.internal.hub.MessageHub$Handler.run(MessageHub.java:360)
	at org.gradle.internal.concurrent.ExecutorPolicy$CatchAndRecordFailures.onExecute(ExecutorPolicy.java:54)
	at org.gradle.internal.concurrent.StoppableExecutorImpl$1.run(StoppableExecutorImpl.java:40)
	at java.util.concurrent.ThreadPoolExecutor.runWorker(ThreadPoolExecutor.java:1142)
	at java.util.concurrent.ThreadPoolExecutor$Worker.run(ThreadPoolExecutor.java:617)
	at java.lang.Thread.run(Thread.java:745)
</failure>
  </testcase>
  <system-out><![CDATA[]]></system-out>
  <system-err><![CDATA[[Thread-4] INFO org.eclipse.jetty.util.log - Logging initialized @551ms
[Thread-4] INFO spark.webserver.JettySparkServer - == Spark has ignited ...
[Thread-4] INFO spark.webserver.JettySparkServer - >> Listening on 0.0.0.0:4567
[Thread-4] INFO org.eclipse.jetty.server.Server - jetty-9.3.2.v20150730
[Thread-4] INFO org.eclipse.jetty.server.ServerConnector - Started ServerConnector@669a726a{HTTP/1.1,[http/1.1]}{0.0.0.0:4567}
[Thread-4] INFO org.eclipse.jetty.server.Server - Started @623ms
Apr 27, 2016 4:48:26 PM com.gargoylesoftware.htmlunit.DefaultCssErrorHandler error
WARNING: CSS error: 'https://maxcdn.bootstrapcdn.com/bootstrap/3.3.6/css/bootstrap.min.css' [5:17610] Error in media list. (Invalid token "(". Was expecting one of: <S>, <IDENT>.)
Apr 27, 2016 4:48:26 PM com.gargoylesoftware.htmlunit.DefaultCssErrorHandler error
WARNING: CSS error: 'https://maxcdn.bootstrapcdn.com/bootstrap/3.3.6/css/bootstrap.min.css' [5:19377] Error in media list. (Invalid token "(". Was expecting one of: <S>, <IDENT>.)
Apr 27, 2016 4:48:26 PM com.gargoylesoftware.htmlunit.DefaultCssErrorHandler error
WARNING: CSS error: 'https://maxcdn.bootstrapcdn.com/bootstrap/3.3.6/css/bootstrap.min.css' [5:21622] Error in media list. (Invalid token "(". Was expecting one of: <S>, <IDENT>.)
Apr 27, 2016 4:48:26 PM com.gargoylesoftware.htmlunit.DefaultCssErrorHandler error
WARNING: CSS error: 'https://maxcdn.bootstrapcdn.com/bootstrap/3.3.6/css/bootstrap.min.css' [5:21671] Error in media list. (Invalid token "(". Was expecting one of: <S>, <IDENT>.)
Apr 27, 2016 4:48:26 PM com.gargoylesoftware.htmlunit.DefaultCssErrorHandler error
WARNING: CSS error: 'https://maxcdn.bootstrapcdn.com/bootstrap/3.3.6/css/bootstrap.min.css' [5:21720] Error in media list. (Invalid token "(". Was expecting one of: <S>, <IDENT>.)
Apr 27, 2016 4:48:26 PM com.gargoylesoftware.htmlunit.DefaultCssErrorHandler error
WARNING: CSS error: 'https://maxcdn.bootstrapcdn.com/bootstrap/3.3.6/css/bootstrap.min.css' [5:24204] Error in media list. (Invalid token "(". Was expecting one of: <S>, <IDENT>.)
Apr 27, 2016 4:48:26 PM com.gargoylesoftware.htmlunit.DefaultCssErrorHandler error
WARNING: CSS error: 'https://maxcdn.bootstrapcdn.com/bootstrap/3.3.6/css/bootstrap.min.css' [5:25970] Error in media list. (Invalid token "(". Was expecting one of: <S>, <IDENT>.)
Apr 27, 2016 4:48:26 PM com.gargoylesoftware.htmlunit.DefaultCssErrorHandler error
WARNING: CSS error: 'https://maxcdn.bootstrapcdn.com/bootstrap/3.3.6/css/bootstrap.min.css' [5:27736] Error in media list. (Invalid token "(". Was expecting one of: <S>, <IDENT>.)
Apr 27, 2016 4:48:26 PM com.gargoylesoftware.htmlunit.DefaultCssErrorHandler error
WARNING: CSS error: 'https://maxcdn.bootstrapcdn.com/bootstrap/3.3.6/css/bootstrap.min.css' [5:33862] Error in @media rule. (Invalid token "and". Was expecting one of: <S>, <LBRACE>, <COMMA>.)
Apr 27, 2016 4:48:26 PM com.gargoylesoftware.htmlunit.DefaultCssErrorHandler warning
WARNING: CSS warning: 'https://maxcdn.bootstrapcdn.com/bootstrap/3.3.6/css/bootstrap.min.css' [5:33862] Ignoring the whole rule.
Apr 27, 2016 4:48:26 PM com.gargoylesoftware.htmlunit.DefaultCssErrorHandler error
WARNING: CSS error: 'https://maxcdn.bootstrapcdn.com/bootstrap/3.3.6/css/bootstrap.min.css' [5:37348] Error in @media rule. (Invalid token "and". Was expecting one of: <S>, <LBRACE>, <COMMA>.)
Apr 27, 2016 4:48:26 PM com.gargoylesoftware.htmlunit.DefaultCssErrorHandler warning
WARNING: CSS warning: 'https://maxcdn.bootstrapcdn.com/bootstrap/3.3.6/css/bootstrap.min.css' [5:37348] Ignoring the whole rule.
Apr 27, 2016 4:48:26 PM com.gargoylesoftware.htmlunit.DefaultCssErrorHandler error
WARNING: CSS error: 'https://maxcdn.bootstrapcdn.com/bootstrap/3.3.6/css/bootstrap.min.css' [5:43596] Error in media list. (Invalid token "(". Was expecting one of: <S>, <IDENT>.)
Apr 27, 2016 4:48:26 PM com.gargoylesoftware.htmlunit.DefaultCssErrorHandler error
WARNING: CSS error: 'https://maxcdn.bootstrapcdn.com/bootstrap/3.3.6/css/bootstrap.min.css' [5:44816] Error in media list. (Invalid token "(". Was expecting one of: <S>, <IDENT>.)
Apr 27, 2016 4:48:26 PM com.gargoylesoftware.htmlunit.DefaultCssErrorHandler error
WARNING: CSS error: 'https://maxcdn.bootstrapcdn.com/bootstrap/3.3.6/css/bootstrap.min.css' [5:44988] Error in media list. (Invalid token "(". Was expecting one of: <S>, <IDENT>.)
Apr 27, 2016 4:48:26 PM com.gargoylesoftware.htmlunit.DefaultCssErrorHandler error
WARNING: CSS error: 'https://maxcdn.bootstrapcdn.com/bootstrap/3.3.6/css/bootstrap.min.css' [5:45093] Error in media list. (Invalid token "(". Was expecting one of: <S>, <IDENT>.)
Apr 27, 2016 4:48:26 PM com.gargoylesoftware.htmlunit.DefaultCssErrorHandler error
WARNING: CSS error: 'https://maxcdn.bootstrapcdn.com/bootstrap/3.3.6/css/bootstrap.min.css' [5:56358] Error in expression; ':' found after identifier "progid".
Apr 27, 2016 4:48:26 PM com.gargoylesoftware.htmlunit.DefaultCssErrorHandler error
WARNING: CSS error: 'https://maxcdn.bootstrapcdn.com/bootstrap/3.3.6/css/bootstrap.min.css' [5:57020] Error in media list. (Invalid token "(". Was expecting one of: <S>, <IDENT>.)
Apr 27, 2016 4:48:26 PM com.gargoylesoftware.htmlunit.DefaultCssErrorHandler error
WARNING: CSS error: 'https://maxcdn.bootstrapcdn.com/bootstrap/3.3.6/css/bootstrap.min.css' [5:65783] Error in media list. (Invalid token "(". Was expecting one of: <S>, <IDENT>.)
Apr 27, 2016 4:48:26 PM com.gargoylesoftware.htmlunit.DefaultCssErrorHandler error
WARNING: CSS error: 'https://maxcdn.bootstrapcdn.com/bootstrap/3.3.6/css/bootstrap.min.css' [5:66107] Error in media list. (Invalid token "(". Was expecting one of: <S>, <IDENT>.)
Apr 27, 2016 4:48:26 PM com.gargoylesoftware.htmlunit.DefaultCssErrorHandler error
WARNING: CSS error: 'https://maxcdn.bootstrapcdn.com/bootstrap/3.3.6/css/bootstrap.min.css' [5:66810] Error in media list. (Invalid token "(". Was expecting one of: <S>, <IDENT>.)
Apr 27, 2016 4:48:26 PM com.gargoylesoftware.htmlunit.DefaultCssErrorHandler error
WARNING: CSS error: 'https://maxcdn.bootstrapcdn.com/bootstrap/3.3.6/css/bootstrap.min.css' [5:67136] Error in media list. (Invalid token "(". Was expecting one of: <S>, <IDENT>.)
Apr 27, 2016 4:48:26 PM com.gargoylesoftware.htmlunit.DefaultCssErrorHandler error
WARNING: CSS error: 'https://maxcdn.bootstrapcdn.com/bootstrap/3.3.6/css/bootstrap.min.css' [5:67622] Error in media list. (Invalid token "(". Was expecting one of: <S>, <IDENT>.)
Apr 27, 2016 4:48:26 PM com.gargoylesoftware.htmlunit.DefaultCssErrorHandler error
WARNING: CSS error: 'https://maxcdn.bootstrapcdn.com/bootstrap/3.3.6/css/bootstrap.min.css' [5:67674] Error in media list. (Invalid token "(". Was expecting one of: <S>, <IDENT>.)
Apr 27, 2016 4:48:26 PM com.gargoylesoftware.htmlunit.DefaultCssErrorHandler error
WARNING: CSS error: 'https://maxcdn.bootstrapcdn.com/bootstrap/3.3.6/css/bootstrap.min.css' [5:68001] Error in media list. (Invalid token "(". Was expecting one of: <S>, <IDENT>.)
Apr 27, 2016 4:48:26 PM com.gargoylesoftware.htmlunit.DefaultCssErrorHandler error
WARNING: CSS error: 'https://maxcdn.bootstrapcdn.com/bootstrap/3.3.6/css/bootstrap.min.css' [5:68493] Error in media list. (Invalid token "(". Was expecting one of: <S>, <IDENT>.)
Apr 27, 2016 4:48:26 PM com.gargoylesoftware.htmlunit.DefaultCssErrorHandler error
WARNING: CSS error: 'https://maxcdn.bootstrapcdn.com/bootstrap/3.3.6/css/bootstrap.min.css' [5:68801] Error in media list. (Invalid token "(". Was expecting one of: <S>, <IDENT>.)
Apr 27, 2016 4:48:26 PM com.gargoylesoftware.htmlunit.DefaultCssErrorHandler error
WARNING: CSS error: 'https://maxcdn.bootstrapcdn.com/bootstrap/3.3.6/css/bootstrap.min.css' [5:69029] Error in media list. (Invalid token "(". Was expecting one of: <S>, <IDENT>.)
Apr 27, 2016 4:48:26 PM com.gargoylesoftware.htmlunit.DefaultCssErrorHandler error
WARNING: CSS error: 'https://maxcdn.bootstrapcdn.com/bootstrap/3.3.6/css/bootstrap.min.css' [5:69172] Error in media list. (Invalid token "(". Was expecting one of: <S>, <IDENT>.)
Apr 27, 2016 4:48:26 PM com.gargoylesoftware.htmlunit.DefaultCssErrorHandler error
WARNING: CSS error: 'https://maxcdn.bootstrapcdn.com/bootstrap/3.3.6/css/bootstrap.min.css' [5:69545] Error in media list. (Invalid token "(". Was expecting one of: <S>, <IDENT>.)
Apr 27, 2016 4:48:26 PM com.gargoylesoftware.htmlunit.DefaultCssErrorHandler error
WARNING: CSS error: 'https://maxcdn.bootstrapcdn.com/bootstrap/3.3.6/css/bootstrap.min.css' [5:70032] Error in media list. (Invalid token "(". Was expecting one of: <S>, <IDENT>.)
Apr 27, 2016 4:48:26 PM com.gargoylesoftware.htmlunit.DefaultCssErrorHandler error
WARNING: CSS error: 'https://maxcdn.bootstrapcdn.com/bootstrap/3.3.6/css/bootstrap.min.css' [5:70188] Error in media list. (Invalid token "(". Was expecting one of: <S>, <IDENT>.)
Apr 27, 2016 4:48:26 PM com.gargoylesoftware.htmlunit.DefaultCssErrorHandler error
WARNING: CSS error: 'https://maxcdn.bootstrapcdn.com/bootstrap/3.3.6/css/bootstrap.min.css' [5:70655] Error in media list. (Invalid token "(". Was expecting one of: <S>, <IDENT>.)
Apr 27, 2016 4:48:26 PM com.gargoylesoftware.htmlunit.DefaultCssErrorHandler error
WARNING: CSS error: 'https://maxcdn.bootstrapcdn.com/bootstrap/3.3.6/css/bootstrap.min.css' [5:71121] Error in media list. (Invalid token "(". Was expecting one of: <S>, <IDENT>.)
Apr 27, 2016 4:48:26 PM com.gargoylesoftware.htmlunit.DefaultCssErrorHandler error
WARNING: CSS error: 'https://maxcdn.bootstrapcdn.com/bootstrap/3.3.6/css/bootstrap.min.css' [5:72047] Error in media list. (Invalid token "(". Was expecting one of: <S>, <IDENT>.)
Apr 27, 2016 4:48:26 PM com.gargoylesoftware.htmlunit.DefaultCssErrorHandler error
WARNING: CSS error: 'https://maxcdn.bootstrapcdn.com/bootstrap/3.3.6/css/bootstrap.min.css' [5:72168] Error in media list. (Invalid token "(". Was expecting one of: <S>, <IDENT>.)
Apr 27, 2016 4:48:26 PM com.gargoylesoftware.htmlunit.DefaultCssErrorHandler error
WARNING: CSS error: 'https://maxcdn.bootstrapcdn.com/bootstrap/3.3.6/css/bootstrap.min.css' [5:72801] Error in media list. (Invalid token "(". Was expecting one of: <S>, <IDENT>.)
Apr 27, 2016 4:48:26 PM com.gargoylesoftware.htmlunit.DefaultCssErrorHandler error
WARNING: CSS error: 'https://maxcdn.bootstrapcdn.com/bootstrap/3.3.6/css/bootstrap.min.css' [5:72886] Error in media list. (Invalid token "(". Was expecting one of: <S>, <IDENT>.)
Apr 27, 2016 4:48:26 PM com.gargoylesoftware.htmlunit.DefaultCssErrorHandler error
WARNING: CSS error: 'https://maxcdn.bootstrapcdn.com/bootstrap/3.3.6/css/bootstrap.min.css' [5:74245] Error in media list. (Invalid token "(". Was expecting one of: <S>, <IDENT>.)
Apr 27, 2016 4:48:26 PM com.gargoylesoftware.htmlunit.DefaultCssErrorHandler error
WARNING: CSS error: 'https://maxcdn.bootstrapcdn.com/bootstrap/3.3.6/css/bootstrap.min.css' [5:76555] Error in media list. (Invalid token "(". Was expecting one of: <S>, <IDENT>.)
Apr 27, 2016 4:48:26 PM com.gargoylesoftware.htmlunit.DefaultCssErrorHandler error
WARNING: CSS error: 'https://maxcdn.bootstrapcdn.com/bootstrap/3.3.6/css/bootstrap.min.css' [5:82579] Error in @media rule. (Invalid token "and". Was expecting one of: <S>, <LBRACE>, <COMMA>.)
Apr 27, 2016 4:48:26 PM com.gargoylesoftware.htmlunit.DefaultCssErrorHandler warning
WARNING: CSS warning: 'https://maxcdn.bootstrapcdn.com/bootstrap/3.3.6/css/bootstrap.min.css' [5:82579] Ignoring the whole rule.
Apr 27, 2016 4:48:26 PM com.gargoylesoftware.htmlunit.DefaultCssErrorHandler error
WARNING: CSS error: 'https://maxcdn.bootstrapcdn.com/bootstrap/3.3.6/css/bootstrap.min.css' [5:107662] Error in media list. (Invalid token "(". Was expecting one of: <S>, <IDENT>.)
Apr 27, 2016 4:48:26 PM com.gargoylesoftware.htmlunit.DefaultCssErrorHandler error
WARNING: CSS error: 'https://maxcdn.bootstrapcdn.com/bootstrap/3.3.6/css/bootstrap.min.css' [5:107850] Error in media list. (Invalid token "(". Was expecting one of: <S>, <IDENT>.)
Apr 27, 2016 4:48:26 PM com.gargoylesoftware.htmlunit.DefaultCssErrorHandler error
WARNING: CSS error: 'https://maxcdn.bootstrapcdn.com/bootstrap/3.3.6/css/bootstrap.min.css' [5:112144] Error in @media rule. (Invalid token "and". Was expecting one of: <S>, <LBRACE>, <COMMA>.)
Apr 27, 2016 4:48:26 PM com.gargoylesoftware.htmlunit.DefaultCssErrorHandler warning
WARNING: CSS warning: 'https://maxcdn.bootstrapcdn.com/bootstrap/3.3.6/css/bootstrap.min.css' [5:112144] Ignoring the whole rule.
Apr 27, 2016 4:48:26 PM com.gargoylesoftware.htmlunit.DefaultCssErrorHandler error
WARNING: CSS error: 'https://maxcdn.bootstrapcdn.com/bootstrap/3.3.6/css/bootstrap.min.css' [5:113907] Error in expression; ':' found after identifier "progid".
Apr 27, 2016 4:48:26 PM com.gargoylesoftware.htmlunit.DefaultCssErrorHandler error
WARNING: CSS error: 'https://maxcdn.bootstrapcdn.com/bootstrap/3.3.6/css/bootstrap.min.css' [5:114450] Error in expression; ':' found after identifier "progid".
Apr 27, 2016 4:48:26 PM com.gargoylesoftware.htmlunit.DefaultCssErrorHandler error
WARNING: CSS error: 'https://maxcdn.bootstrapcdn.com/bootstrap/3.3.6/css/bootstrap.min.css' [5:115618] Invalid color "#000\9".
Apr 27, 2016 4:48:26 PM com.gargoylesoftware.htmlunit.DefaultCssErrorHandler error
WARNING: CSS error: 'https://maxcdn.bootstrapcdn.com/bootstrap/3.3.6/css/bootstrap.min.css' [5:116015] Error in @media rule. (Invalid token "and". Was expecting one of: <S>, <LBRACE>, <COMMA>.)
Apr 27, 2016 4:48:26 PM com.gargoylesoftware.htmlunit.DefaultCssErrorHandler warning
WARNING: CSS warning: 'https://maxcdn.bootstrapcdn.com/bootstrap/3.3.6/css/bootstrap.min.css' [5:116015] Ignoring the whole rule.
Apr 27, 2016 4:48:26 PM com.gargoylesoftware.htmlunit.DefaultCssErrorHandler error
WARNING: CSS error: 'https://maxcdn.bootstrapcdn.com/bootstrap/3.3.6/css/bootstrap.min.css' [5:118272] Error in media list. (Invalid token "(". Was expecting one of: <S>, <IDENT>.)
Apr 27, 2016 4:48:26 PM com.gargoylesoftware.htmlunit.DefaultCssErrorHandler error
WARNING: CSS error: 'https://maxcdn.bootstrapcdn.com/bootstrap/3.3.6/css/bootstrap.min.css' [5:118474] Error in media list. (Invalid token "(". Was expecting one of: <S>, <IDENT>.)
Apr 27, 2016 4:48:26 PM com.gargoylesoftware.htmlunit.DefaultCssErrorHandler error
WARNING: CSS error: 'https://maxcdn.bootstrapcdn.com/bootstrap/3.3.6/css/bootstrap.min.css' [5:118542] Error in media list. (Invalid token "(". Was expecting one of: <S>, <IDENT>.)
Apr 27, 2016 4:48:26 PM com.gargoylesoftware.htmlunit.DefaultCssErrorHandler error
WARNING: CSS error: 'https://maxcdn.bootstrapcdn.com/bootstrap/3.3.6/css/bootstrap.min.css' [5:118612] Error in media list. (Invalid token "(". Was expecting one of: <S>, <IDENT>.)
Apr 27, 2016 4:48:26 PM com.gargoylesoftware.htmlunit.DefaultCssErrorHandler error
WARNING: CSS error: 'https://maxcdn.bootstrapcdn.com/bootstrap/3.3.6/css/bootstrap.min.css' [5:118694] Error in media list. (Invalid token "(". Was expecting one of: <S>, <IDENT>.)
Apr 27, 2016 4:48:26 PM com.gargoylesoftware.htmlunit.DefaultCssErrorHandler error
WARNING: CSS error: 'https://maxcdn.bootstrapcdn.com/bootstrap/3.3.6/css/bootstrap.min.css' [5:118918] Error in media list. (Invalid token "(". Was expecting one of: <S>, <IDENT>.)
Apr 27, 2016 4:48:26 PM com.gargoylesoftware.htmlunit.DefaultCssErrorHandler error
WARNING: CSS error: 'https://maxcdn.bootstrapcdn.com/bootstrap/3.3.6/css/bootstrap.min.css' [5:119008] Error in media list. (Invalid token "(". Was expecting one of: <S>, <IDENT>.)
Apr 27, 2016 4:48:26 PM com.gargoylesoftware.htmlunit.DefaultCssErrorHandler error
WARNING: CSS error: 'https://maxcdn.bootstrapcdn.com/bootstrap/3.3.6/css/bootstrap.min.css' [5:119100] Error in media list. (Invalid token "(". Was expecting one of: <S>, <IDENT>.)
Apr 27, 2016 4:48:26 PM com.gargoylesoftware.htmlunit.DefaultCssErrorHandler error
WARNING: CSS error: 'https://maxcdn.bootstrapcdn.com/bootstrap/3.3.6/css/bootstrap.min.css' [5:119204] Error in media list. (Invalid token "(". Was expecting one of: <S>, <IDENT>.)
Apr 27, 2016 4:48:26 PM com.gargoylesoftware.htmlunit.DefaultCssErrorHandler error
WARNING: CSS error: 'https://maxcdn.bootstrapcdn.com/bootstrap/3.3.6/css/bootstrap.min.css' [5:119429] Error in media list. (Invalid token "(". Was expecting one of: <S>, <IDENT>.)
Apr 27, 2016 4:48:26 PM com.gargoylesoftware.htmlunit.DefaultCssErrorHandler error
WARNING: CSS error: 'https://maxcdn.bootstrapcdn.com/bootstrap/3.3.6/css/bootstrap.min.css' [5:119520] Error in media list. (Invalid token "(". Was expecting one of: <S>, <IDENT>.)
Apr 27, 2016 4:48:26 PM com.gargoylesoftware.htmlunit.DefaultCssErrorHandler error
WARNING: CSS error: 'https://maxcdn.bootstrapcdn.com/bootstrap/3.3.6/css/bootstrap.min.css' [5:119613] Error in media list. (Invalid token "(". Was expecting one of: <S>, <IDENT>.)
Apr 27, 2016 4:48:26 PM com.gargoylesoftware.htmlunit.DefaultCssErrorHandler error
WARNING: CSS error: 'https://maxcdn.bootstrapcdn.com/bootstrap/3.3.6/css/bootstrap.min.css' [5:119718] Error in media list. (Invalid token "(". Was expecting one of: <S>, <IDENT>.)
Apr 27, 2016 4:48:26 PM com.gargoylesoftware.htmlunit.DefaultCssErrorHandler error
WARNING: CSS error: 'https://maxcdn.bootstrapcdn.com/bootstrap/3.3.6/css/bootstrap.min.css' [5:119921] Error in media list. (Invalid token "(". Was expecting one of: <S>, <IDENT>.)
Apr 27, 2016 4:48:26 PM com.gargoylesoftware.htmlunit.DefaultCssErrorHandler error
WARNING: CSS error: 'https://maxcdn.bootstrapcdn.com/bootstrap/3.3.6/css/bootstrap.min.css' [5:119990] Error in media list. (Invalid token "(". Was expecting one of: <S>, <IDENT>.)
Apr 27, 2016 4:48:26 PM com.gargoylesoftware.htmlunit.DefaultCssErrorHandler error
WARNING: CSS error: 'https://maxcdn.bootstrapcdn.com/bootstrap/3.3.6/css/bootstrap.min.css' [5:120061] Error in media list. (Invalid token "(". Was expecting one of: <S>, <IDENT>.)
Apr 27, 2016 4:48:26 PM com.gargoylesoftware.htmlunit.DefaultCssErrorHandler error
WARNING: CSS error: 'https://maxcdn.bootstrapcdn.com/bootstrap/3.3.6/css/bootstrap.min.css' [5:120144] Error in media list. (Invalid token "(". Was expecting one of: <S>, <IDENT>.)
Apr 27, 2016 4:48:26 PM com.gargoylesoftware.htmlunit.DefaultCssErrorHandler error
WARNING: CSS error: 'https://maxcdn.bootstrapcdn.com/bootstrap/3.3.6/css/bootstrap.min.css' [5:120204] Error in media list. (Invalid token "(". Was expecting one of: <S>, <IDENT>.)
Apr 27, 2016 4:48:26 PM com.gargoylesoftware.htmlunit.DefaultCssErrorHandler error
WARNING: CSS error: 'https://maxcdn.bootstrapcdn.com/bootstrap/3.3.6/css/bootstrap.min.css' [5:120286] Error in media list. (Invalid token "(". Was expecting one of: <S>, <IDENT>.)
Apr 27, 2016 4:48:26 PM com.gargoylesoftware.htmlunit.DefaultCssErrorHandler error
WARNING: CSS error: 'https://maxcdn.bootstrapcdn.com/bootstrap/3.3.6/css/bootstrap.min.css' [5:120369] Error in media list. (Invalid token "(". Was expecting one of: <S>, <IDENT>.)
Apr 27, 2016 4:48:26 PM com.gargoylesoftware.htmlunit.DefaultCssErrorHandler error
WARNING: CSS error: 'http://localhost:4567/app.css' [1:1] Error in style sheet. (Invalid token "<". Was expecting one of: <EOF>, <S>, <IDENT>, "<!--", "-->", <HASH>, <IMPORT_SYM>, <PAGE_SYM>, <MEDIA_SYM>, <FONT_FACE_SYM>, <CHARSET_SYM>, ".", ":", "*", "[", <ATKEYWORD>.)
Apr 27, 2016 4:48:26 PM com.gargoylesoftware.htmlunit.DefaultCssErrorHandler error
WARNING: CSS error: 'http://localhost:4567/app.css' [1:1] Error in style sheet. (Invalid token "<". Was expecting one of: <EOF>, <S>, <IDENT>, "<!--", "-->", <HASH>, <IMPORT_SYM>, <PAGE_SYM>, <MEDIA_SYM>, <FONT_FACE_SYM>, <CHARSET_SYM>, ".", ":", "*", "[", <ATKEYWORD>.)
Apr 27, 2016 4:48:26 PM com.gargoylesoftware.htmlunit.DefaultCssErrorHandler error
WARNING: CSS error: 'http://localhost:4567/app.css' [1:1] Error in style sheet. (Invalid token "<". Was expecting one of: <EOF>, <S>, <IDENT>, "<!--", "-->", <HASH>, <IMPORT_SYM>, <PAGE_SYM>, <MEDIA_SYM>, <FONT_FACE_SYM>, <CHARSET_SYM>, ".", ":", "*", "[", <ATKEYWORD>.)
[qtp127134239-19] ERROR spark.webserver.MatcherFilter - 
java.lang.NumberFormatException: For input string: "$category.getId()"
	at java.lang.NumberFormatException.forInputString(NumberFormatException.java:65)
	at java.lang.Integer.parseInt(Integer.java:569)
	at java.lang.Integer.parseInt(Integer.java:615)
	at App.lambda$main$9(App.java:84)
	at spark.TemplateViewRouteImpl$1.handle(TemplateViewRouteImpl.java:66)
	at spark.webserver.MatcherFilter.doFilter(MatcherFilter.java:162)
	at spark.webserver.JettyHandler.doHandle(JettyHandler.java:61)
	at org.eclipse.jetty.server.session.SessionHandler.doScope(SessionHandler.java:189)
	at org.eclipse.jetty.server.handler.ScopedHandler.handle(ScopedHandler.java:141)
	at org.eclipse.jetty.server.handler.HandlerList.handle(HandlerList.java:52)
	at org.eclipse.jetty.server.handler.HandlerWrapper.handle(HandlerWrapper.java:119)
	at org.eclipse.jetty.server.Server.handle(Server.java:517)
	at org.eclipse.jetty.server.HttpChannel.handle(HttpChannel.java:302)
	at org.eclipse.jetty.server.HttpConnection.onFillable(HttpConnection.java:242)
	at org.eclipse.jetty.io.AbstractConnection$ReadCallback.succeeded(AbstractConnection.java:245)
	at org.eclipse.jetty.io.FillInterest.fillable(FillInterest.java:95)
	at org.eclipse.jetty.io.SelectChannelEndPoint$2.run(SelectChannelEndPoint.java:75)
	at org.eclipse.jetty.util.thread.strategy.ExecuteProduceConsume.produceAndRun(ExecuteProduceConsume.java:213)
	at org.eclipse.jetty.util.thread.strategy.ExecuteProduceConsume.run(ExecuteProduceConsume.java:147)
	at org.eclipse.jetty.util.thread.QueuedThreadPool.runJob(QueuedThreadPool.java:654)
	at org.eclipse.jetty.util.thread.QueuedThreadPool$3.run(QueuedThreadPool.java:572)
	at java.lang.Thread.run(Thread.java:745)
Apr 27, 2016 4:48:26 PM com.gargoylesoftware.htmlunit.DefaultCssErrorHandler error
WARNING: CSS error: 'https://maxcdn.bootstrapcdn.com/bootstrap/3.3.6/css/bootstrap.min.css' [5:17610] Error in media list. (Invalid token "(". Was expecting one of: <S>, <IDENT>.)
Apr 27, 2016 4:48:26 PM com.gargoylesoftware.htmlunit.DefaultCssErrorHandler error
WARNING: CSS error: 'https://maxcdn.bootstrapcdn.com/bootstrap/3.3.6/css/bootstrap.min.css' [5:19377] Error in media list. (Invalid token "(". Was expecting one of: <S>, <IDENT>.)
Apr 27, 2016 4:48:26 PM com.gargoylesoftware.htmlunit.DefaultCssErrorHandler error
WARNING: CSS error: 'https://maxcdn.bootstrapcdn.com/bootstrap/3.3.6/css/bootstrap.min.css' [5:21622] Error in media list. (Invalid token "(". Was expecting one of: <S>, <IDENT>.)
Apr 27, 2016 4:48:26 PM com.gargoylesoftware.htmlunit.DefaultCssErrorHandler error
WARNING: CSS error: 'https://maxcdn.bootstrapcdn.com/bootstrap/3.3.6/css/bootstrap.min.css' [5:21671] Error in media list. (Invalid token "(". Was expecting one of: <S>, <IDENT>.)
Apr 27, 2016 4:48:26 PM com.gargoylesoftware.htmlunit.DefaultCssErrorHandler error
WARNING: CSS error: 'https://maxcdn.bootstrapcdn.com/bootstrap/3.3.6/css/bootstrap.min.css' [5:21720] Error in media list. (Invalid token "(". Was expecting one of: <S>, <IDENT>.)
Apr 27, 2016 4:48:26 PM com.gargoylesoftware.htmlunit.DefaultCssErrorHandler error
WARNING: CSS error: 'https://maxcdn.bootstrapcdn.com/bootstrap/3.3.6/css/bootstrap.min.css' [5:24204] Error in media list. (Invalid token "(". Was expecting one of: <S>, <IDENT>.)
Apr 27, 2016 4:48:26 PM com.gargoylesoftware.htmlunit.DefaultCssErrorHandler error
WARNING: CSS error: 'https://maxcdn.bootstrapcdn.com/bootstrap/3.3.6/css/bootstrap.min.css' [5:25970] Error in media list. (Invalid token "(". Was expecting one of: <S>, <IDENT>.)
Apr 27, 2016 4:48:26 PM com.gargoylesoftware.htmlunit.DefaultCssErrorHandler error
WARNING: CSS error: 'https://maxcdn.bootstrapcdn.com/bootstrap/3.3.6/css/bootstrap.min.css' [5:27736] Error in media list. (Invalid token "(". Was expecting one of: <S>, <IDENT>.)
Apr 27, 2016 4:48:26 PM com.gargoylesoftware.htmlunit.DefaultCssErrorHandler error
WARNING: CSS error: 'https://maxcdn.bootstrapcdn.com/bootstrap/3.3.6/css/bootstrap.min.css' [5:33862] Error in @media rule. (Invalid token "and". Was expecting one of: <S>, <LBRACE>, <COMMA>.)
Apr 27, 2016 4:48:26 PM com.gargoylesoftware.htmlunit.DefaultCssErrorHandler warning
WARNING: CSS warning: 'https://maxcdn.bootstrapcdn.com/bootstrap/3.3.6/css/bootstrap.min.css' [5:33862] Ignoring the whole rule.
Apr 27, 2016 4:48:26 PM com.gargoylesoftware.htmlunit.DefaultCssErrorHandler error
WARNING: CSS error: 'https://maxcdn.bootstrapcdn.com/bootstrap/3.3.6/css/bootstrap.min.css' [5:37348] Error in @media rule. (Invalid token "and". Was expecting one of: <S>, <LBRACE>, <COMMA>.)
Apr 27, 2016 4:48:26 PM com.gargoylesoftware.htmlunit.DefaultCssErrorHandler warning
WARNING: CSS warning: 'https://maxcdn.bootstrapcdn.com/bootstrap/3.3.6/css/bootstrap.min.css' [5:37348] Ignoring the whole rule.
Apr 27, 2016 4:48:26 PM com.gargoylesoftware.htmlunit.DefaultCssErrorHandler error
WARNING: CSS error: 'https://maxcdn.bootstrapcdn.com/bootstrap/3.3.6/css/bootstrap.min.css' [5:43596] Error in media list. (Invalid token "(". Was expecting one of: <S>, <IDENT>.)
Apr 27, 2016 4:48:26 PM com.gargoylesoftware.htmlunit.DefaultCssErrorHandler error
WARNING: CSS error: 'https://maxcdn.bootstrapcdn.com/bootstrap/3.3.6/css/bootstrap.min.css' [5:44816] Error in media list. (Invalid token "(". Was expecting one of: <S>, <IDENT>.)
Apr 27, 2016 4:48:26 PM com.gargoylesoftware.htmlunit.DefaultCssErrorHandler error
WARNING: CSS error: 'https://maxcdn.bootstrapcdn.com/bootstrap/3.3.6/css/bootstrap.min.css' [5:44988] Error in media list. (Invalid token "(". Was expecting one of: <S>, <IDENT>.)
Apr 27, 2016 4:48:26 PM com.gargoylesoftware.htmlunit.DefaultCssErrorHandler error
WARNING: CSS error: 'https://maxcdn.bootstrapcdn.com/bootstrap/3.3.6/css/bootstrap.min.css' [5:45093] Error in media list. (Invalid token "(". Was expecting one of: <S>, <IDENT>.)
Apr 27, 2016 4:48:26 PM com.gargoylesoftware.htmlunit.DefaultCssErrorHandler error
WARNING: CSS error: 'https://maxcdn.bootstrapcdn.com/bootstrap/3.3.6/css/bootstrap.min.css' [5:56358] Error in expression; ':' found after identifier "progid".
Apr 27, 2016 4:48:26 PM com.gargoylesoftware.htmlunit.DefaultCssErrorHandler error
WARNING: CSS error: 'https://maxcdn.bootstrapcdn.com/bootstrap/3.3.6/css/bootstrap.min.css' [5:57020] Error in media list. (Invalid token "(". Was expecting one of: <S>, <IDENT>.)
Apr 27, 2016 4:48:26 PM com.gargoylesoftware.htmlunit.DefaultCssErrorHandler error
WARNING: CSS error: 'https://maxcdn.bootstrapcdn.com/bootstrap/3.3.6/css/bootstrap.min.css' [5:65783] Error in media list. (Invalid token "(". Was expecting one of: <S>, <IDENT>.)
Apr 27, 2016 4:48:26 PM com.gargoylesoftware.htmlunit.DefaultCssErrorHandler error
WARNING: CSS error: 'https://maxcdn.bootstrapcdn.com/bootstrap/3.3.6/css/bootstrap.min.css' [5:66107] Error in media list. (Invalid token "(". Was expecting one of: <S>, <IDENT>.)
Apr 27, 2016 4:48:26 PM com.gargoylesoftware.htmlunit.DefaultCssErrorHandler error
WARNING: CSS error: 'https://maxcdn.bootstrapcdn.com/bootstrap/3.3.6/css/bootstrap.min.css' [5:66810] Error in media list. (Invalid token "(". Was expecting one of: <S>, <IDENT>.)
Apr 27, 2016 4:48:26 PM com.gargoylesoftware.htmlunit.DefaultCssErrorHandler error
WARNING: CSS error: 'https://maxcdn.bootstrapcdn.com/bootstrap/3.3.6/css/bootstrap.min.css' [5:67136] Error in media list. (Invalid token "(". Was expecting one of: <S>, <IDENT>.)
Apr 27, 2016 4:48:26 PM com.gargoylesoftware.htmlunit.DefaultCssErrorHandler error
WARNING: CSS error: 'https://maxcdn.bootstrapcdn.com/bootstrap/3.3.6/css/bootstrap.min.css' [5:67622] Error in media list. (Invalid token "(". Was expecting one of: <S>, <IDENT>.)
Apr 27, 2016 4:48:26 PM com.gargoylesoftware.htmlunit.DefaultCssErrorHandler error
WARNING: CSS error: 'https://maxcdn.bootstrapcdn.com/bootstrap/3.3.6/css/bootstrap.min.css' [5:67674] Error in media list. (Invalid token "(". Was expecting one of: <S>, <IDENT>.)
Apr 27, 2016 4:48:26 PM com.gargoylesoftware.htmlunit.DefaultCssErrorHandler error
WARNING: CSS error: 'https://maxcdn.bootstrapcdn.com/bootstrap/3.3.6/css/bootstrap.min.css' [5:68001] Error in media list. (Invalid token "(". Was expecting one of: <S>, <IDENT>.)
Apr 27, 2016 4:48:26 PM com.gargoylesoftware.htmlunit.DefaultCssErrorHandler error
WARNING: CSS error: 'https://maxcdn.bootstrapcdn.com/bootstrap/3.3.6/css/bootstrap.min.css' [5:68493] Error in media list. (Invalid token "(". Was expecting one of: <S>, <IDENT>.)
Apr 27, 2016 4:48:26 PM com.gargoylesoftware.htmlunit.DefaultCssErrorHandler error
WARNING: CSS error: 'https://maxcdn.bootstrapcdn.com/bootstrap/3.3.6/css/bootstrap.min.css' [5:68801] Error in media list. (Invalid token "(". Was expecting one of: <S>, <IDENT>.)
Apr 27, 2016 4:48:26 PM com.gargoylesoftware.htmlunit.DefaultCssErrorHandler error
WARNING: CSS error: 'https://maxcdn.bootstrapcdn.com/bootstrap/3.3.6/css/bootstrap.min.css' [5:69029] Error in media list. (Invalid token "(". Was expecting one of: <S>, <IDENT>.)
Apr 27, 2016 4:48:26 PM com.gargoylesoftware.htmlunit.DefaultCssErrorHandler error
WARNING: CSS error: 'https://maxcdn.bootstrapcdn.com/bootstrap/3.3.6/css/bootstrap.min.css' [5:69172] Error in media list. (Invalid token "(". Was expecting one of: <S>, <IDENT>.)
Apr 27, 2016 4:48:26 PM com.gargoylesoftware.htmlunit.DefaultCssErrorHandler error
WARNING: CSS error: 'https://maxcdn.bootstrapcdn.com/bootstrap/3.3.6/css/bootstrap.min.css' [5:69545] Error in media list. (Invalid token "(". Was expecting one of: <S>, <IDENT>.)
Apr 27, 2016 4:48:26 PM com.gargoylesoftware.htmlunit.DefaultCssErrorHandler error
WARNING: CSS error: 'https://maxcdn.bootstrapcdn.com/bootstrap/3.3.6/css/bootstrap.min.css' [5:70032] Error in media list. (Invalid token "(". Was expecting one of: <S>, <IDENT>.)
Apr 27, 2016 4:48:26 PM com.gargoylesoftware.htmlunit.DefaultCssErrorHandler error
WARNING: CSS error: 'https://maxcdn.bootstrapcdn.com/bootstrap/3.3.6/css/bootstrap.min.css' [5:70188] Error in media list. (Invalid token "(". Was expecting one of: <S>, <IDENT>.)
Apr 27, 2016 4:48:26 PM com.gargoylesoftware.htmlunit.DefaultCssErrorHandler error
WARNING: CSS error: 'https://maxcdn.bootstrapcdn.com/bootstrap/3.3.6/css/bootstrap.min.css' [5:70655] Error in media list. (Invalid token "(". Was expecting one of: <S>, <IDENT>.)
Apr 27, 2016 4:48:26 PM com.gargoylesoftware.htmlunit.DefaultCssErrorHandler error
WARNING: CSS error: 'https://maxcdn.bootstrapcdn.com/bootstrap/3.3.6/css/bootstrap.min.css' [5:71121] Error in media list. (Invalid token "(". Was expecting one of: <S>, <IDENT>.)
Apr 27, 2016 4:48:26 PM com.gargoylesoftware.htmlunit.DefaultCssErrorHandler error
WARNING: CSS error: 'https://maxcdn.bootstrapcdn.com/bootstrap/3.3.6/css/bootstrap.min.css' [5:72047] Error in media list. (Invalid token "(". Was expecting one of: <S>, <IDENT>.)
Apr 27, 2016 4:48:26 PM com.gargoylesoftware.htmlunit.DefaultCssErrorHandler error
WARNING: CSS error: 'https://maxcdn.bootstrapcdn.com/bootstrap/3.3.6/css/bootstrap.min.css' [5:72168] Error in media list. (Invalid token "(". Was expecting one of: <S>, <IDENT>.)
Apr 27, 2016 4:48:26 PM com.gargoylesoftware.htmlunit.DefaultCssErrorHandler error
WARNING: CSS error: 'https://maxcdn.bootstrapcdn.com/bootstrap/3.3.6/css/bootstrap.min.css' [5:72801] Error in media list. (Invalid token "(". Was expecting one of: <S>, <IDENT>.)
Apr 27, 2016 4:48:26 PM com.gargoylesoftware.htmlunit.DefaultCssErrorHandler error
WARNING: CSS error: 'https://maxcdn.bootstrapcdn.com/bootstrap/3.3.6/css/bootstrap.min.css' [5:72886] Error in media list. (Invalid token "(". Was expecting one of: <S>, <IDENT>.)
Apr 27, 2016 4:48:26 PM com.gargoylesoftware.htmlunit.DefaultCssErrorHandler error
WARNING: CSS error: 'https://maxcdn.bootstrapcdn.com/bootstrap/3.3.6/css/bootstrap.min.css' [5:74245] Error in media list. (Invalid token "(". Was expecting one of: <S>, <IDENT>.)
Apr 27, 2016 4:48:26 PM com.gargoylesoftware.htmlunit.DefaultCssErrorHandler error
WARNING: CSS error: 'https://maxcdn.bootstrapcdn.com/bootstrap/3.3.6/css/bootstrap.min.css' [5:76555] Error in media list. (Invalid token "(". Was expecting one of: <S>, <IDENT>.)
Apr 27, 2016 4:48:26 PM com.gargoylesoftware.htmlunit.DefaultCssErrorHandler error
WARNING: CSS error: 'https://maxcdn.bootstrapcdn.com/bootstrap/3.3.6/css/bootstrap.min.css' [5:82579] Error in @media rule. (Invalid token "and". Was expecting one of: <S>, <LBRACE>, <COMMA>.)
Apr 27, 2016 4:48:26 PM com.gargoylesoftware.htmlunit.DefaultCssErrorHandler warning
WARNING: CSS warning: 'https://maxcdn.bootstrapcdn.com/bootstrap/3.3.6/css/bootstrap.min.css' [5:82579] Ignoring the whole rule.
Apr 27, 2016 4:48:26 PM com.gargoylesoftware.htmlunit.DefaultCssErrorHandler error
WARNING: CSS error: 'https://maxcdn.bootstrapcdn.com/bootstrap/3.3.6/css/bootstrap.min.css' [5:107662] Error in media list. (Invalid token "(". Was expecting one of: <S>, <IDENT>.)
Apr 27, 2016 4:48:26 PM com.gargoylesoftware.htmlunit.DefaultCssErrorHandler error
WARNING: CSS error: 'https://maxcdn.bootstrapcdn.com/bootstrap/3.3.6/css/bootstrap.min.css' [5:107850] Error in media list. (Invalid token "(". Was expecting one of: <S>, <IDENT>.)
Apr 27, 2016 4:48:26 PM com.gargoylesoftware.htmlunit.DefaultCssErrorHandler error
WARNING: CSS error: 'https://maxcdn.bootstrapcdn.com/bootstrap/3.3.6/css/bootstrap.min.css' [5:112144] Error in @media rule. (Invalid token "and". Was expecting one of: <S>, <LBRACE>, <COMMA>.)
Apr 27, 2016 4:48:26 PM com.gargoylesoftware.htmlunit.DefaultCssErrorHandler warning
WARNING: CSS warning: 'https://maxcdn.bootstrapcdn.com/bootstrap/3.3.6/css/bootstrap.min.css' [5:112144] Ignoring the whole rule.
Apr 27, 2016 4:48:26 PM com.gargoylesoftware.htmlunit.DefaultCssErrorHandler error
WARNING: CSS error: 'https://maxcdn.bootstrapcdn.com/bootstrap/3.3.6/css/bootstrap.min.css' [5:113907] Error in expression; ':' found after identifier "progid".
Apr 27, 2016 4:48:26 PM com.gargoylesoftware.htmlunit.DefaultCssErrorHandler error
WARNING: CSS error: 'https://maxcdn.bootstrapcdn.com/bootstrap/3.3.6/css/bootstrap.min.css' [5:114450] Error in expression; ':' found after identifier "progid".
Apr 27, 2016 4:48:26 PM com.gargoylesoftware.htmlunit.DefaultCssErrorHandler error
WARNING: CSS error: 'https://maxcdn.bootstrapcdn.com/bootstrap/3.3.6/css/bootstrap.min.css' [5:115618] Invalid color "#000\9".
Apr 27, 2016 4:48:26 PM com.gargoylesoftware.htmlunit.DefaultCssErrorHandler error
WARNING: CSS error: 'https://maxcdn.bootstrapcdn.com/bootstrap/3.3.6/css/bootstrap.min.css' [5:116015] Error in @media rule. (Invalid token "and". Was expecting one of: <S>, <LBRACE>, <COMMA>.)
Apr 27, 2016 4:48:26 PM com.gargoylesoftware.htmlunit.DefaultCssErrorHandler warning
WARNING: CSS warning: 'https://maxcdn.bootstrapcdn.com/bootstrap/3.3.6/css/bootstrap.min.css' [5:116015] Ignoring the whole rule.
Apr 27, 2016 4:48:26 PM com.gargoylesoftware.htmlunit.DefaultCssErrorHandler error
WARNING: CSS error: 'https://maxcdn.bootstrapcdn.com/bootstrap/3.3.6/css/bootstrap.min.css' [5:118272] Error in media list. (Invalid token "(". Was expecting one of: <S>, <IDENT>.)
Apr 27, 2016 4:48:26 PM com.gargoylesoftware.htmlunit.DefaultCssErrorHandler error
WARNING: CSS error: 'https://maxcdn.bootstrapcdn.com/bootstrap/3.3.6/css/bootstrap.min.css' [5:118474] Error in media list. (Invalid token "(". Was expecting one of: <S>, <IDENT>.)
Apr 27, 2016 4:48:26 PM com.gargoylesoftware.htmlunit.DefaultCssErrorHandler error
WARNING: CSS error: 'https://maxcdn.bootstrapcdn.com/bootstrap/3.3.6/css/bootstrap.min.css' [5:118542] Error in media list. (Invalid token "(". Was expecting one of: <S>, <IDENT>.)
Apr 27, 2016 4:48:26 PM com.gargoylesoftware.htmlunit.DefaultCssErrorHandler error
WARNING: CSS error: 'https://maxcdn.bootstrapcdn.com/bootstrap/3.3.6/css/bootstrap.min.css' [5:118612] Error in media list. (Invalid token "(". Was expecting one of: <S>, <IDENT>.)
Apr 27, 2016 4:48:26 PM com.gargoylesoftware.htmlunit.DefaultCssErrorHandler error
WARNING: CSS error: 'https://maxcdn.bootstrapcdn.com/bootstrap/3.3.6/css/bootstrap.min.css' [5:118694] Error in media list. (Invalid token "(". Was expecting one of: <S>, <IDENT>.)
Apr 27, 2016 4:48:26 PM com.gargoylesoftware.htmlunit.DefaultCssErrorHandler error
WARNING: CSS error: 'https://maxcdn.bootstrapcdn.com/bootstrap/3.3.6/css/bootstrap.min.css' [5:118918] Error in media list. (Invalid token "(". Was expecting one of: <S>, <IDENT>.)
Apr 27, 2016 4:48:26 PM com.gargoylesoftware.htmlunit.DefaultCssErrorHandler error
WARNING: CSS error: 'https://maxcdn.bootstrapcdn.com/bootstrap/3.3.6/css/bootstrap.min.css' [5:119008] Error in media list. (Invalid token "(". Was expecting one of: <S>, <IDENT>.)
Apr 27, 2016 4:48:26 PM com.gargoylesoftware.htmlunit.DefaultCssErrorHandler error
WARNING: CSS error: 'https://maxcdn.bootstrapcdn.com/bootstrap/3.3.6/css/bootstrap.min.css' [5:119100] Error in media list. (Invalid token "(". Was expecting one of: <S>, <IDENT>.)
Apr 27, 2016 4:48:26 PM com.gargoylesoftware.htmlunit.DefaultCssErrorHandler error
WARNING: CSS error: 'https://maxcdn.bootstrapcdn.com/bootstrap/3.3.6/css/bootstrap.min.css' [5:119204] Error in media list. (Invalid token "(". Was expecting one of: <S>, <IDENT>.)
Apr 27, 2016 4:48:26 PM com.gargoylesoftware.htmlunit.DefaultCssErrorHandler error
WARNING: CSS error: 'https://maxcdn.bootstrapcdn.com/bootstrap/3.3.6/css/bootstrap.min.css' [5:119429] Error in media list. (Invalid token "(". Was expecting one of: <S>, <IDENT>.)
Apr 27, 2016 4:48:26 PM com.gargoylesoftware.htmlunit.DefaultCssErrorHandler error
WARNING: CSS error: 'https://maxcdn.bootstrapcdn.com/bootstrap/3.3.6/css/bootstrap.min.css' [5:119520] Error in media list. (Invalid token "(". Was expecting one of: <S>, <IDENT>.)
Apr 27, 2016 4:48:26 PM com.gargoylesoftware.htmlunit.DefaultCssErrorHandler error
WARNING: CSS error: 'https://maxcdn.bootstrapcdn.com/bootstrap/3.3.6/css/bootstrap.min.css' [5:119613] Error in media list. (Invalid token "(". Was expecting one of: <S>, <IDENT>.)
Apr 27, 2016 4:48:26 PM com.gargoylesoftware.htmlunit.DefaultCssErrorHandler error
WARNING: CSS error: 'https://maxcdn.bootstrapcdn.com/bootstrap/3.3.6/css/bootstrap.min.css' [5:119718] Error in media list. (Invalid token "(". Was expecting one of: <S>, <IDENT>.)
Apr 27, 2016 4:48:26 PM com.gargoylesoftware.htmlunit.DefaultCssErrorHandler error
WARNING: CSS error: 'https://maxcdn.bootstrapcdn.com/bootstrap/3.3.6/css/bootstrap.min.css' [5:119921] Error in media list. (Invalid token "(". Was expecting one of: <S>, <IDENT>.)
Apr 27, 2016 4:48:26 PM com.gargoylesoftware.htmlunit.DefaultCssErrorHandler error
WARNING: CSS error: 'https://maxcdn.bootstrapcdn.com/bootstrap/3.3.6/css/bootstrap.min.css' [5:119990] Error in media list. (Invalid token "(". Was expecting one of: <S>, <IDENT>.)
Apr 27, 2016 4:48:26 PM com.gargoylesoftware.htmlunit.DefaultCssErrorHandler error
WARNING: CSS error: 'https://maxcdn.bootstrapcdn.com/bootstrap/3.3.6/css/bootstrap.min.css' [5:120061] Error in media list. (Invalid token "(". Was expecting one of: <S>, <IDENT>.)
Apr 27, 2016 4:48:26 PM com.gargoylesoftware.htmlunit.DefaultCssErrorHandler error
WARNING: CSS error: 'https://maxcdn.bootstrapcdn.com/bootstrap/3.3.6/css/bootstrap.min.css' [5:120144] Error in media list. (Invalid token "(". Was expecting one of: <S>, <IDENT>.)
Apr 27, 2016 4:48:26 PM com.gargoylesoftware.htmlunit.DefaultCssErrorHandler error
WARNING: CSS error: 'https://maxcdn.bootstrapcdn.com/bootstrap/3.3.6/css/bootstrap.min.css' [5:120204] Error in media list. (Invalid token "(". Was expecting one of: <S>, <IDENT>.)
Apr 27, 2016 4:48:26 PM com.gargoylesoftware.htmlunit.DefaultCssErrorHandler error
WARNING: CSS error: 'https://maxcdn.bootstrapcdn.com/bootstrap/3.3.6/css/bootstrap.min.css' [5:120286] Error in media list. (Invalid token "(". Was expecting one of: <S>, <IDENT>.)
Apr 27, 2016 4:48:26 PM com.gargoylesoftware.htmlunit.DefaultCssErrorHandler error
WARNING: CSS error: 'https://maxcdn.bootstrapcdn.com/bootstrap/3.3.6/css/bootstrap.min.css' [5:120369] Error in media list. (Invalid token "(". Was expecting one of: <S>, <IDENT>.)
Apr 27, 2016 4:48:26 PM com.gargoylesoftware.htmlunit.DefaultCssErrorHandler error
WARNING: CSS error: 'http://localhost:4567/app.css' [1:1] Error in style sheet. (Invalid token "<". Was expecting one of: <EOF>, <S>, <IDENT>, "<!--", "-->", <HASH>, <IMPORT_SYM>, <PAGE_SYM>, <MEDIA_SYM>, <FONT_FACE_SYM>, <CHARSET_SYM>, ".", ":", "*", "[", <ATKEYWORD>.)
Apr 27, 2016 4:48:26 PM com.gargoylesoftware.htmlunit.DefaultCssErrorHandler error
WARNING: CSS error: 'https://maxcdn.bootstrapcdn.com/bootstrap/3.3.6/css/bootstrap.min.css' [5:17610] Error in media list. (Invalid token "(". Was expecting one of: <S>, <IDENT>.)
Apr 27, 2016 4:48:26 PM com.gargoylesoftware.htmlunit.DefaultCssErrorHandler error
WARNING: CSS error: 'https://maxcdn.bootstrapcdn.com/bootstrap/3.3.6/css/bootstrap.min.css' [5:19377] Error in media list. (Invalid token "(". Was expecting one of: <S>, <IDENT>.)
Apr 27, 2016 4:48:26 PM com.gargoylesoftware.htmlunit.DefaultCssErrorHandler error
WARNING: CSS error: 'https://maxcdn.bootstrapcdn.com/bootstrap/3.3.6/css/bootstrap.min.css' [5:21622] Error in media list. (Invalid token "(". Was expecting one of: <S>, <IDENT>.)
Apr 27, 2016 4:48:26 PM com.gargoylesoftware.htmlunit.DefaultCssErrorHandler error
WARNING: CSS error: 'https://maxcdn.bootstrapcdn.com/bootstrap/3.3.6/css/bootstrap.min.css' [5:21671] Error in media list. (Invalid token "(". Was expecting one of: <S>, <IDENT>.)
Apr 27, 2016 4:48:26 PM com.gargoylesoftware.htmlunit.DefaultCssErrorHandler error
WARNING: CSS error: 'https://maxcdn.bootstrapcdn.com/bootstrap/3.3.6/css/bootstrap.min.css' [5:21720] Error in media list. (Invalid token "(". Was expecting one of: <S>, <IDENT>.)
Apr 27, 2016 4:48:26 PM com.gargoylesoftware.htmlunit.DefaultCssErrorHandler error
WARNING: CSS error: 'https://maxcdn.bootstrapcdn.com/bootstrap/3.3.6/css/bootstrap.min.css' [5:24204] Error in media list. (Invalid token "(". Was expecting one of: <S>, <IDENT>.)
Apr 27, 2016 4:48:26 PM com.gargoylesoftware.htmlunit.DefaultCssErrorHandler error
WARNING: CSS error: 'https://maxcdn.bootstrapcdn.com/bootstrap/3.3.6/css/bootstrap.min.css' [5:25970] Error in media list. (Invalid token "(". Was expecting one of: <S>, <IDENT>.)
Apr 27, 2016 4:48:26 PM com.gargoylesoftware.htmlunit.DefaultCssErrorHandler error
WARNING: CSS error: 'https://maxcdn.bootstrapcdn.com/bootstrap/3.3.6/css/bootstrap.min.css' [5:27736] Error in media list. (Invalid token "(". Was expecting one of: <S>, <IDENT>.)
Apr 27, 2016 4:48:26 PM com.gargoylesoftware.htmlunit.DefaultCssErrorHandler error
WARNING: CSS error: 'https://maxcdn.bootstrapcdn.com/bootstrap/3.3.6/css/bootstrap.min.css' [5:33862] Error in @media rule. (Invalid token "and". Was expecting one of: <S>, <LBRACE>, <COMMA>.)
Apr 27, 2016 4:48:26 PM com.gargoylesoftware.htmlunit.DefaultCssErrorHandler warning
WARNING: CSS warning: 'https://maxcdn.bootstrapcdn.com/bootstrap/3.3.6/css/bootstrap.min.css' [5:33862] Ignoring the whole rule.
Apr 27, 2016 4:48:26 PM com.gargoylesoftware.htmlunit.DefaultCssErrorHandler error
WARNING: CSS error: 'https://maxcdn.bootstrapcdn.com/bootstrap/3.3.6/css/bootstrap.min.css' [5:37348] Error in @media rule. (Invalid token "and". Was expecting one of: <S>, <LBRACE>, <COMMA>.)
Apr 27, 2016 4:48:26 PM com.gargoylesoftware.htmlunit.DefaultCssErrorHandler warning
WARNING: CSS warning: 'https://maxcdn.bootstrapcdn.com/bootstrap/3.3.6/css/bootstrap.min.css' [5:37348] Ignoring the whole rule.
Apr 27, 2016 4:48:26 PM com.gargoylesoftware.htmlunit.DefaultCssErrorHandler error
WARNING: CSS error: 'https://maxcdn.bootstrapcdn.com/bootstrap/3.3.6/css/bootstrap.min.css' [5:43596] Error in media list. (Invalid token "(". Was expecting one of: <S>, <IDENT>.)
Apr 27, 2016 4:48:26 PM com.gargoylesoftware.htmlunit.DefaultCssErrorHandler error
WARNING: CSS error: 'https://maxcdn.bootstrapcdn.com/bootstrap/3.3.6/css/bootstrap.min.css' [5:44816] Error in media list. (Invalid token "(". Was expecting one of: <S>, <IDENT>.)
Apr 27, 2016 4:48:26 PM com.gargoylesoftware.htmlunit.DefaultCssErrorHandler error
WARNING: CSS error: 'https://maxcdn.bootstrapcdn.com/bootstrap/3.3.6/css/bootstrap.min.css' [5:44988] Error in media list. (Invalid token "(". Was expecting one of: <S>, <IDENT>.)
Apr 27, 2016 4:48:26 PM com.gargoylesoftware.htmlunit.DefaultCssErrorHandler error
WARNING: CSS error: 'https://maxcdn.bootstrapcdn.com/bootstrap/3.3.6/css/bootstrap.min.css' [5:45093] Error in media list. (Invalid token "(". Was expecting one of: <S>, <IDENT>.)
Apr 27, 2016 4:48:26 PM com.gargoylesoftware.htmlunit.DefaultCssErrorHandler error
WARNING: CSS error: 'https://maxcdn.bootstrapcdn.com/bootstrap/3.3.6/css/bootstrap.min.css' [5:56358] Error in expression; ':' found after identifier "progid".
Apr 27, 2016 4:48:26 PM com.gargoylesoftware.htmlunit.DefaultCssErrorHandler error
WARNING: CSS error: 'https://maxcdn.bootstrapcdn.com/bootstrap/3.3.6/css/bootstrap.min.css' [5:57020] Error in media list. (Invalid token "(". Was expecting one of: <S>, <IDENT>.)
Apr 27, 2016 4:48:26 PM com.gargoylesoftware.htmlunit.DefaultCssErrorHandler error
WARNING: CSS error: 'https://maxcdn.bootstrapcdn.com/bootstrap/3.3.6/css/bootstrap.min.css' [5:65783] Error in media list. (Invalid token "(". Was expecting one of: <S>, <IDENT>.)
Apr 27, 2016 4:48:26 PM com.gargoylesoftware.htmlunit.DefaultCssErrorHandler error
WARNING: CSS error: 'https://maxcdn.bootstrapcdn.com/bootstrap/3.3.6/css/bootstrap.min.css' [5:66107] Error in media list. (Invalid token "(". Was expecting one of: <S>, <IDENT>.)
Apr 27, 2016 4:48:26 PM com.gargoylesoftware.htmlunit.DefaultCssErrorHandler error
WARNING: CSS error: 'https://maxcdn.bootstrapcdn.com/bootstrap/3.3.6/css/bootstrap.min.css' [5:66810] Error in media list. (Invalid token "(". Was expecting one of: <S>, <IDENT>.)
Apr 27, 2016 4:48:26 PM com.gargoylesoftware.htmlunit.DefaultCssErrorHandler error
WARNING: CSS error: 'https://maxcdn.bootstrapcdn.com/bootstrap/3.3.6/css/bootstrap.min.css' [5:67136] Error in media list. (Invalid token "(". Was expecting one of: <S>, <IDENT>.)
Apr 27, 2016 4:48:26 PM com.gargoylesoftware.htmlunit.DefaultCssErrorHandler error
WARNING: CSS error: 'https://maxcdn.bootstrapcdn.com/bootstrap/3.3.6/css/bootstrap.min.css' [5:67622] Error in media list. (Invalid token "(". Was expecting one of: <S>, <IDENT>.)
Apr 27, 2016 4:48:26 PM com.gargoylesoftware.htmlunit.DefaultCssErrorHandler error
WARNING: CSS error: 'https://maxcdn.bootstrapcdn.com/bootstrap/3.3.6/css/bootstrap.min.css' [5:67674] Error in media list. (Invalid token "(". Was expecting one of: <S>, <IDENT>.)
Apr 27, 2016 4:48:26 PM com.gargoylesoftware.htmlunit.DefaultCssErrorHandler error
WARNING: CSS error: 'https://maxcdn.bootstrapcdn.com/bootstrap/3.3.6/css/bootstrap.min.css' [5:68001] Error in media list. (Invalid token "(". Was expecting one of: <S>, <IDENT>.)
Apr 27, 2016 4:48:26 PM com.gargoylesoftware.htmlunit.DefaultCssErrorHandler error
WARNING: CSS error: 'https://maxcdn.bootstrapcdn.com/bootstrap/3.3.6/css/bootstrap.min.css' [5:68493] Error in media list. (Invalid token "(". Was expecting one of: <S>, <IDENT>.)
Apr 27, 2016 4:48:26 PM com.gargoylesoftware.htmlunit.DefaultCssErrorHandler error
WARNING: CSS error: 'https://maxcdn.bootstrapcdn.com/bootstrap/3.3.6/css/bootstrap.min.css' [5:68801] Error in media list. (Invalid token "(". Was expecting one of: <S>, <IDENT>.)
Apr 27, 2016 4:48:26 PM com.gargoylesoftware.htmlunit.DefaultCssErrorHandler error
WARNING: CSS error: 'https://maxcdn.bootstrapcdn.com/bootstrap/3.3.6/css/bootstrap.min.css' [5:69029] Error in media list. (Invalid token "(". Was expecting one of: <S>, <IDENT>.)
Apr 27, 2016 4:48:26 PM com.gargoylesoftware.htmlunit.DefaultCssErrorHandler error
WARNING: CSS error: 'https://maxcdn.bootstrapcdn.com/bootstrap/3.3.6/css/bootstrap.min.css' [5:69172] Error in media list. (Invalid token "(". Was expecting one of: <S>, <IDENT>.)
Apr 27, 2016 4:48:26 PM com.gargoylesoftware.htmlunit.DefaultCssErrorHandler error
WARNING: CSS error: 'https://maxcdn.bootstrapcdn.com/bootstrap/3.3.6/css/bootstrap.min.css' [5:69545] Error in media list. (Invalid token "(". Was expecting one of: <S>, <IDENT>.)
Apr 27, 2016 4:48:26 PM com.gargoylesoftware.htmlunit.DefaultCssErrorHandler error
WARNING: CSS error: 'https://maxcdn.bootstrapcdn.com/bootstrap/3.3.6/css/bootstrap.min.css' [5:70032] Error in media list. (Invalid token "(". Was expecting one of: <S>, <IDENT>.)
Apr 27, 2016 4:48:26 PM com.gargoylesoftware.htmlunit.DefaultCssErrorHandler error
WARNING: CSS error: 'https://maxcdn.bootstrapcdn.com/bootstrap/3.3.6/css/bootstrap.min.css' [5:70188] Error in media list. (Invalid token "(". Was expecting one of: <S>, <IDENT>.)
Apr 27, 2016 4:48:26 PM com.gargoylesoftware.htmlunit.DefaultCssErrorHandler error
WARNING: CSS error: 'https://maxcdn.bootstrapcdn.com/bootstrap/3.3.6/css/bootstrap.min.css' [5:70655] Error in media list. (Invalid token "(". Was expecting one of: <S>, <IDENT>.)
Apr 27, 2016 4:48:26 PM com.gargoylesoftware.htmlunit.DefaultCssErrorHandler error
WARNING: CSS error: 'https://maxcdn.bootstrapcdn.com/bootstrap/3.3.6/css/bootstrap.min.css' [5:71121] Error in media list. (Invalid token "(". Was expecting one of: <S>, <IDENT>.)
Apr 27, 2016 4:48:26 PM com.gargoylesoftware.htmlunit.DefaultCssErrorHandler error
WARNING: CSS error: 'https://maxcdn.bootstrapcdn.com/bootstrap/3.3.6/css/bootstrap.min.css' [5:72047] Error in media list. (Invalid token "(". Was expecting one of: <S>, <IDENT>.)
Apr 27, 2016 4:48:26 PM com.gargoylesoftware.htmlunit.DefaultCssErrorHandler error
WARNING: CSS error: 'https://maxcdn.bootstrapcdn.com/bootstrap/3.3.6/css/bootstrap.min.css' [5:72168] Error in media list. (Invalid token "(". Was expecting one of: <S>, <IDENT>.)
Apr 27, 2016 4:48:26 PM com.gargoylesoftware.htmlunit.DefaultCssErrorHandler error
WARNING: CSS error: 'https://maxcdn.bootstrapcdn.com/bootstrap/3.3.6/css/bootstrap.min.css' [5:72801] Error in media list. (Invalid token "(". Was expecting one of: <S>, <IDENT>.)
Apr 27, 2016 4:48:26 PM com.gargoylesoftware.htmlunit.DefaultCssErrorHandler error
WARNING: CSS error: 'https://maxcdn.bootstrapcdn.com/bootstrap/3.3.6/css/bootstrap.min.css' [5:72886] Error in media list. (Invalid token "(". Was expecting one of: <S>, <IDENT>.)
Apr 27, 2016 4:48:26 PM com.gargoylesoftware.htmlunit.DefaultCssErrorHandler error
WARNING: CSS error: 'https://maxcdn.bootstrapcdn.com/bootstrap/3.3.6/css/bootstrap.min.css' [5:74245] Error in media list. (Invalid token "(". Was expecting one of: <S>, <IDENT>.)
Apr 27, 2016 4:48:26 PM com.gargoylesoftware.htmlunit.DefaultCssErrorHandler error
WARNING: CSS error: 'https://maxcdn.bootstrapcdn.com/bootstrap/3.3.6/css/bootstrap.min.css' [5:76555] Error in media list. (Invalid token "(". Was expecting one of: <S>, <IDENT>.)
Apr 27, 2016 4:48:26 PM com.gargoylesoftware.htmlunit.DefaultCssErrorHandler error
WARNING: CSS error: 'https://maxcdn.bootstrapcdn.com/bootstrap/3.3.6/css/bootstrap.min.css' [5:82579] Error in @media rule. (Invalid token "and". Was expecting one of: <S>, <LBRACE>, <COMMA>.)
Apr 27, 2016 4:48:26 PM com.gargoylesoftware.htmlunit.DefaultCssErrorHandler warning
WARNING: CSS warning: 'https://maxcdn.bootstrapcdn.com/bootstrap/3.3.6/css/bootstrap.min.css' [5:82579] Ignoring the whole rule.
Apr 27, 2016 4:48:26 PM com.gargoylesoftware.htmlunit.DefaultCssErrorHandler error
WARNING: CSS error: 'https://maxcdn.bootstrapcdn.com/bootstrap/3.3.6/css/bootstrap.min.css' [5:107662] Error in media list. (Invalid token "(". Was expecting one of: <S>, <IDENT>.)
Apr 27, 2016 4:48:26 PM com.gargoylesoftware.htmlunit.DefaultCssErrorHandler error
WARNING: CSS error: 'https://maxcdn.bootstrapcdn.com/bootstrap/3.3.6/css/bootstrap.min.css' [5:107850] Error in media list. (Invalid token "(". Was expecting one of: <S>, <IDENT>.)
Apr 27, 2016 4:48:26 PM com.gargoylesoftware.htmlunit.DefaultCssErrorHandler error
WARNING: CSS error: 'https://maxcdn.bootstrapcdn.com/bootstrap/3.3.6/css/bootstrap.min.css' [5:112144] Error in @media rule. (Invalid token "and". Was expecting one of: <S>, <LBRACE>, <COMMA>.)
Apr 27, 2016 4:48:26 PM com.gargoylesoftware.htmlunit.DefaultCssErrorHandler warning
WARNING: CSS warning: 'https://maxcdn.bootstrapcdn.com/bootstrap/3.3.6/css/bootstrap.min.css' [5:112144] Ignoring the whole rule.
Apr 27, 2016 4:48:26 PM com.gargoylesoftware.htmlunit.DefaultCssErrorHandler error
WARNING: CSS error: 'https://maxcdn.bootstrapcdn.com/bootstrap/3.3.6/css/bootstrap.min.css' [5:113907] Error in expression; ':' found after identifier "progid".
Apr 27, 2016 4:48:26 PM com.gargoylesoftware.htmlunit.DefaultCssErrorHandler error
WARNING: CSS error: 'https://maxcdn.bootstrapcdn.com/bootstrap/3.3.6/css/bootstrap.min.css' [5:114450] Error in expression; ':' found after identifier "progid".
Apr 27, 2016 4:48:26 PM com.gargoylesoftware.htmlunit.DefaultCssErrorHandler error
WARNING: CSS error: 'https://maxcdn.bootstrapcdn.com/bootstrap/3.3.6/css/bootstrap.min.css' [5:115618] Invalid color "#000\9".
Apr 27, 2016 4:48:26 PM com.gargoylesoftware.htmlunit.DefaultCssErrorHandler error
WARNING: CSS error: 'https://maxcdn.bootstrapcdn.com/bootstrap/3.3.6/css/bootstrap.min.css' [5:116015] Error in @media rule. (Invalid token "and". Was expecting one of: <S>, <LBRACE>, <COMMA>.)
Apr 27, 2016 4:48:26 PM com.gargoylesoftware.htmlunit.DefaultCssErrorHandler warning
WARNING: CSS warning: 'https://maxcdn.bootstrapcdn.com/bootstrap/3.3.6/css/bootstrap.min.css' [5:116015] Ignoring the whole rule.
Apr 27, 2016 4:48:26 PM com.gargoylesoftware.htmlunit.DefaultCssErrorHandler error
WARNING: CSS error: 'https://maxcdn.bootstrapcdn.com/bootstrap/3.3.6/css/bootstrap.min.css' [5:118272] Error in media list. (Invalid token "(". Was expecting one of: <S>, <IDENT>.)
Apr 27, 2016 4:48:26 PM com.gargoylesoftware.htmlunit.DefaultCssErrorHandler error
WARNING: CSS error: 'https://maxcdn.bootstrapcdn.com/bootstrap/3.3.6/css/bootstrap.min.css' [5:118474] Error in media list. (Invalid token "(". Was expecting one of: <S>, <IDENT>.)
Apr 27, 2016 4:48:26 PM com.gargoylesoftware.htmlunit.DefaultCssErrorHandler error
WARNING: CSS error: 'https://maxcdn.bootstrapcdn.com/bootstrap/3.3.6/css/bootstrap.min.css' [5:118542] Error in media list. (Invalid token "(". Was expecting one of: <S>, <IDENT>.)
Apr 27, 2016 4:48:26 PM com.gargoylesoftware.htmlunit.DefaultCssErrorHandler error
WARNING: CSS error: 'https://maxcdn.bootstrapcdn.com/bootstrap/3.3.6/css/bootstrap.min.css' [5:118612] Error in media list. (Invalid token "(". Was expecting one of: <S>, <IDENT>.)
Apr 27, 2016 4:48:26 PM com.gargoylesoftware.htmlunit.DefaultCssErrorHandler error
WARNING: CSS error: 'https://maxcdn.bootstrapcdn.com/bootstrap/3.3.6/css/bootstrap.min.css' [5:118694] Error in media list. (Invalid token "(". Was expecting one of: <S>, <IDENT>.)
Apr 27, 2016 4:48:26 PM com.gargoylesoftware.htmlunit.DefaultCssErrorHandler error
WARNING: CSS error: 'https://maxcdn.bootstrapcdn.com/bootstrap/3.3.6/css/bootstrap.min.css' [5:118918] Error in media list. (Invalid token "(". Was expecting one of: <S>, <IDENT>.)
Apr 27, 2016 4:48:26 PM com.gargoylesoftware.htmlunit.DefaultCssErrorHandler error
WARNING: CSS error: 'https://maxcdn.bootstrapcdn.com/bootstrap/3.3.6/css/bootstrap.min.css' [5:119008] Error in media list. (Invalid token "(". Was expecting one of: <S>, <IDENT>.)
Apr 27, 2016 4:48:26 PM com.gargoylesoftware.htmlunit.DefaultCssErrorHandler error
WARNING: CSS error: 'https://maxcdn.bootstrapcdn.com/bootstrap/3.3.6/css/bootstrap.min.css' [5:119100] Error in media list. (Invalid token "(". Was expecting one of: <S>, <IDENT>.)
Apr 27, 2016 4:48:26 PM com.gargoylesoftware.htmlunit.DefaultCssErrorHandler error
WARNING: CSS error: 'https://maxcdn.bootstrapcdn.com/bootstrap/3.3.6/css/bootstrap.min.css' [5:119204] Error in media list. (Invalid token "(". Was expecting one of: <S>, <IDENT>.)
Apr 27, 2016 4:48:26 PM com.gargoylesoftware.htmlunit.DefaultCssErrorHandler error
WARNING: CSS error: 'https://maxcdn.bootstrapcdn.com/bootstrap/3.3.6/css/bootstrap.min.css' [5:119429] Error in media list. (Invalid token "(". Was expecting one of: <S>, <IDENT>.)
Apr 27, 2016 4:48:26 PM com.gargoylesoftware.htmlunit.DefaultCssErrorHandler error
WARNING: CSS error: 'https://maxcdn.bootstrapcdn.com/bootstrap/3.3.6/css/bootstrap.min.css' [5:119520] Error in media list. (Invalid token "(". Was expecting one of: <S>, <IDENT>.)
Apr 27, 2016 4:48:26 PM com.gargoylesoftware.htmlunit.DefaultCssErrorHandler error
WARNING: CSS error: 'https://maxcdn.bootstrapcdn.com/bootstrap/3.3.6/css/bootstrap.min.css' [5:119613] Error in media list. (Invalid token "(". Was expecting one of: <S>, <IDENT>.)
Apr 27, 2016 4:48:26 PM com.gargoylesoftware.htmlunit.DefaultCssErrorHandler error
WARNING: CSS error: 'https://maxcdn.bootstrapcdn.com/bootstrap/3.3.6/css/bootstrap.min.css' [5:119718] Error in media list. (Invalid token "(". Was expecting one of: <S>, <IDENT>.)
Apr 27, 2016 4:48:26 PM com.gargoylesoftware.htmlunit.DefaultCssErrorHandler error
WARNING: CSS error: 'https://maxcdn.bootstrapcdn.com/bootstrap/3.3.6/css/bootstrap.min.css' [5:119921] Error in media list. (Invalid token "(". Was expecting one of: <S>, <IDENT>.)
Apr 27, 2016 4:48:26 PM com.gargoylesoftware.htmlunit.DefaultCssErrorHandler error
WARNING: CSS error: 'https://maxcdn.bootstrapcdn.com/bootstrap/3.3.6/css/bootstrap.min.css' [5:119990] Error in media list. (Invalid token "(". Was expecting one of: <S>, <IDENT>.)
Apr 27, 2016 4:48:26 PM com.gargoylesoftware.htmlunit.DefaultCssErrorHandler error
WARNING: CSS error: 'https://maxcdn.bootstrapcdn.com/bootstrap/3.3.6/css/bootstrap.min.css' [5:120061] Error in media list. (Invalid token "(". Was expecting one of: <S>, <IDENT>.)
Apr 27, 2016 4:48:26 PM com.gargoylesoftware.htmlunit.DefaultCssErrorHandler error
WARNING: CSS error: 'https://maxcdn.bootstrapcdn.com/bootstrap/3.3.6/css/bootstrap.min.css' [5:120144] Error in media list. (Invalid token "(". Was expecting one of: <S>, <IDENT>.)
Apr 27, 2016 4:48:26 PM com.gargoylesoftware.htmlunit.DefaultCssErrorHandler error
WARNING: CSS error: 'https://maxcdn.bootstrapcdn.com/bootstrap/3.3.6/css/bootstrap.min.css' [5:120204] Error in media list. (Invalid token "(". Was expecting one of: <S>, <IDENT>.)
Apr 27, 2016 4:48:26 PM com.gargoylesoftware.htmlunit.DefaultCssErrorHandler error
WARNING: CSS error: 'https://maxcdn.bootstrapcdn.com/bootstrap/3.3.6/css/bootstrap.min.css' [5:120286] Error in media list. (Invalid token "(". Was expecting one of: <S>, <IDENT>.)
Apr 27, 2016 4:48:26 PM com.gargoylesoftware.htmlunit.DefaultCssErrorHandler error
WARNING: CSS error: 'https://maxcdn.bootstrapcdn.com/bootstrap/3.3.6/css/bootstrap.min.css' [5:120369] Error in media list. (Invalid token "(". Was expecting one of: <S>, <IDENT>.)
Apr 27, 2016 4:48:26 PM com.gargoylesoftware.htmlunit.DefaultCssErrorHandler error
WARNING: CSS error: 'http://localhost:4567/app.css' [1:1] Error in style sheet. (Invalid token "<". Was expecting one of: <EOF>, <S>, <IDENT>, "<!--", "-->", <HASH>, <IMPORT_SYM>, <PAGE_SYM>, <MEDIA_SYM>, <FONT_FACE_SYM>, <CHARSET_SYM>, ".", ":", "*", "[", <ATKEYWORD>.)
Apr 27, 2016 4:48:26 PM com.gargoylesoftware.htmlunit.DefaultCssErrorHandler error
WARNING: CSS error: 'https://maxcdn.bootstrapcdn.com/bootstrap/3.3.6/css/bootstrap.min.css' [5:17610] Error in media list. (Invalid token "(". Was expecting one of: <S>, <IDENT>.)
Apr 27, 2016 4:48:26 PM com.gargoylesoftware.htmlunit.DefaultCssErrorHandler error
WARNING: CSS error: 'https://maxcdn.bootstrapcdn.com/bootstrap/3.3.6/css/bootstrap.min.css' [5:19377] Error in media list. (Invalid token "(". Was expecting one of: <S>, <IDENT>.)
Apr 27, 2016 4:48:26 PM com.gargoylesoftware.htmlunit.DefaultCssErrorHandler error
WARNING: CSS error: 'https://maxcdn.bootstrapcdn.com/bootstrap/3.3.6/css/bootstrap.min.css' [5:21622] Error in media list. (Invalid token "(". Was expecting one of: <S>, <IDENT>.)
Apr 27, 2016 4:48:26 PM com.gargoylesoftware.htmlunit.DefaultCssErrorHandler error
WARNING: CSS error: 'https://maxcdn.bootstrapcdn.com/bootstrap/3.3.6/css/bootstrap.min.css' [5:21671] Error in media list. (Invalid token "(". Was expecting one of: <S>, <IDENT>.)
Apr 27, 2016 4:48:26 PM com.gargoylesoftware.htmlunit.DefaultCssErrorHandler error
WARNING: CSS error: 'https://maxcdn.bootstrapcdn.com/bootstrap/3.3.6/css/bootstrap.min.css' [5:21720] Error in media list. (Invalid token "(". Was expecting one of: <S>, <IDENT>.)
Apr 27, 2016 4:48:26 PM com.gargoylesoftware.htmlunit.DefaultCssErrorHandler error
WARNING: CSS error: 'https://maxcdn.bootstrapcdn.com/bootstrap/3.3.6/css/bootstrap.min.css' [5:24204] Error in media list. (Invalid token "(". Was expecting one of: <S>, <IDENT>.)
Apr 27, 2016 4:48:26 PM com.gargoylesoftware.htmlunit.DefaultCssErrorHandler error
WARNING: CSS error: 'https://maxcdn.bootstrapcdn.com/bootstrap/3.3.6/css/bootstrap.min.css' [5:25970] Error in media list. (Invalid token "(". Was expecting one of: <S>, <IDENT>.)
Apr 27, 2016 4:48:26 PM com.gargoylesoftware.htmlunit.DefaultCssErrorHandler error
WARNING: CSS error: 'https://maxcdn.bootstrapcdn.com/bootstrap/3.3.6/css/bootstrap.min.css' [5:27736] Error in media list. (Invalid token "(". Was expecting one of: <S>, <IDENT>.)
Apr 27, 2016 4:48:26 PM com.gargoylesoftware.htmlunit.DefaultCssErrorHandler error
WARNING: CSS error: 'https://maxcdn.bootstrapcdn.com/bootstrap/3.3.6/css/bootstrap.min.css' [5:33862] Error in @media rule. (Invalid token "and". Was expecting one of: <S>, <LBRACE>, <COMMA>.)
Apr 27, 2016 4:48:27 PM com.gargoylesoftware.htmlunit.DefaultCssErrorHandler warning
WARNING: CSS warning: 'https://maxcdn.bootstrapcdn.com/bootstrap/3.3.6/css/bootstrap.min.css' [5:33862] Ignoring the whole rule.
Apr 27, 2016 4:48:27 PM com.gargoylesoftware.htmlunit.DefaultCssErrorHandler error
WARNING: CSS error: 'https://maxcdn.bootstrapcdn.com/bootstrap/3.3.6/css/bootstrap.min.css' [5:37348] Error in @media rule. (Invalid token "and". Was expecting one of: <S>, <LBRACE>, <COMMA>.)
Apr 27, 2016 4:48:27 PM com.gargoylesoftware.htmlunit.DefaultCssErrorHandler warning
WARNING: CSS warning: 'https://maxcdn.bootstrapcdn.com/bootstrap/3.3.6/css/bootstrap.min.css' [5:37348] Ignoring the whole rule.
Apr 27, 2016 4:48:27 PM com.gargoylesoftware.htmlunit.DefaultCssErrorHandler error
WARNING: CSS error: 'https://maxcdn.bootstrapcdn.com/bootstrap/3.3.6/css/bootstrap.min.css' [5:43596] Error in media list. (Invalid token "(". Was expecting one of: <S>, <IDENT>.)
Apr 27, 2016 4:48:27 PM com.gargoylesoftware.htmlunit.DefaultCssErrorHandler error
WARNING: CSS error: 'https://maxcdn.bootstrapcdn.com/bootstrap/3.3.6/css/bootstrap.min.css' [5:44816] Error in media list. (Invalid token "(". Was expecting one of: <S>, <IDENT>.)
Apr 27, 2016 4:48:27 PM com.gargoylesoftware.htmlunit.DefaultCssErrorHandler error
WARNING: CSS error: 'https://maxcdn.bootstrapcdn.com/bootstrap/3.3.6/css/bootstrap.min.css' [5:44988] Error in media list. (Invalid token "(". Was expecting one of: <S>, <IDENT>.)
Apr 27, 2016 4:48:27 PM com.gargoylesoftware.htmlunit.DefaultCssErrorHandler error
WARNING: CSS error: 'https://maxcdn.bootstrapcdn.com/bootstrap/3.3.6/css/bootstrap.min.css' [5:45093] Error in media list. (Invalid token "(". Was expecting one of: <S>, <IDENT>.)
Apr 27, 2016 4:48:27 PM com.gargoylesoftware.htmlunit.DefaultCssErrorHandler error
WARNING: CSS error: 'https://maxcdn.bootstrapcdn.com/bootstrap/3.3.6/css/bootstrap.min.css' [5:56358] Error in expression; ':' found after identifier "progid".
Apr 27, 2016 4:48:27 PM com.gargoylesoftware.htmlunit.DefaultCssErrorHandler error
WARNING: CSS error: 'https://maxcdn.bootstrapcdn.com/bootstrap/3.3.6/css/bootstrap.min.css' [5:57020] Error in media list. (Invalid token "(". Was expecting one of: <S>, <IDENT>.)
Apr 27, 2016 4:48:27 PM com.gargoylesoftware.htmlunit.DefaultCssErrorHandler error
WARNING: CSS error: 'https://maxcdn.bootstrapcdn.com/bootstrap/3.3.6/css/bootstrap.min.css' [5:65783] Error in media list. (Invalid token "(". Was expecting one of: <S>, <IDENT>.)
Apr 27, 2016 4:48:27 PM com.gargoylesoftware.htmlunit.DefaultCssErrorHandler error
WARNING: CSS error: 'https://maxcdn.bootstrapcdn.com/bootstrap/3.3.6/css/bootstrap.min.css' [5:66107] Error in media list. (Invalid token "(". Was expecting one of: <S>, <IDENT>.)
Apr 27, 2016 4:48:27 PM com.gargoylesoftware.htmlunit.DefaultCssErrorHandler error
WARNING: CSS error: 'https://maxcdn.bootstrapcdn.com/bootstrap/3.3.6/css/bootstrap.min.css' [5:66810] Error in media list. (Invalid token "(". Was expecting one of: <S>, <IDENT>.)
Apr 27, 2016 4:48:27 PM com.gargoylesoftware.htmlunit.DefaultCssErrorHandler error
WARNING: CSS error: 'https://maxcdn.bootstrapcdn.com/bootstrap/3.3.6/css/bootstrap.min.css' [5:67136] Error in media list. (Invalid token "(". Was expecting one of: <S>, <IDENT>.)
Apr 27, 2016 4:48:27 PM com.gargoylesoftware.htmlunit.DefaultCssErrorHandler error
WARNING: CSS error: 'https://maxcdn.bootstrapcdn.com/bootstrap/3.3.6/css/bootstrap.min.css' [5:67622] Error in media list. (Invalid token "(". Was expecting one of: <S>, <IDENT>.)
Apr 27, 2016 4:48:27 PM com.gargoylesoftware.htmlunit.DefaultCssErrorHandler error
WARNING: CSS error: 'https://maxcdn.bootstrapcdn.com/bootstrap/3.3.6/css/bootstrap.min.css' [5:67674] Error in media list. (Invalid token "(". Was expecting one of: <S>, <IDENT>.)
Apr 27, 2016 4:48:27 PM com.gargoylesoftware.htmlunit.DefaultCssErrorHandler error
WARNING: CSS error: 'https://maxcdn.bootstrapcdn.com/bootstrap/3.3.6/css/bootstrap.min.css' [5:68001] Error in media list. (Invalid token "(". Was expecting one of: <S>, <IDENT>.)
Apr 27, 2016 4:48:27 PM com.gargoylesoftware.htmlunit.DefaultCssErrorHandler error
WARNING: CSS error: 'https://maxcdn.bootstrapcdn.com/bootstrap/3.3.6/css/bootstrap.min.css' [5:68493] Error in media list. (Invalid token "(". Was expecting one of: <S>, <IDENT>.)
Apr 27, 2016 4:48:27 PM com.gargoylesoftware.htmlunit.DefaultCssErrorHandler error
WARNING: CSS error: 'https://maxcdn.bootstrapcdn.com/bootstrap/3.3.6/css/bootstrap.min.css' [5:68801] Error in media list. (Invalid token "(". Was expecting one of: <S>, <IDENT>.)
Apr 27, 2016 4:48:27 PM com.gargoylesoftware.htmlunit.DefaultCssErrorHandler error
WARNING: CSS error: 'https://maxcdn.bootstrapcdn.com/bootstrap/3.3.6/css/bootstrap.min.css' [5:69029] Error in media list. (Invalid token "(". Was expecting one of: <S>, <IDENT>.)
Apr 27, 2016 4:48:27 PM com.gargoylesoftware.htmlunit.DefaultCssErrorHandler error
WARNING: CSS error: 'https://maxcdn.bootstrapcdn.com/bootstrap/3.3.6/css/bootstrap.min.css' [5:69172] Error in media list. (Invalid token "(". Was expecting one of: <S>, <IDENT>.)
Apr 27, 2016 4:48:27 PM com.gargoylesoftware.htmlunit.DefaultCssErrorHandler error
WARNING: CSS error: 'https://maxcdn.bootstrapcdn.com/bootstrap/3.3.6/css/bootstrap.min.css' [5:69545] Error in media list. (Invalid token "(". Was expecting one of: <S>, <IDENT>.)
Apr 27, 2016 4:48:27 PM com.gargoylesoftware.htmlunit.DefaultCssErrorHandler error
WARNING: CSS error: 'https://maxcdn.bootstrapcdn.com/bootstrap/3.3.6/css/bootstrap.min.css' [5:70032] Error in media list. (Invalid token "(". Was expecting one of: <S>, <IDENT>.)
Apr 27, 2016 4:48:27 PM com.gargoylesoftware.htmlunit.DefaultCssErrorHandler error
WARNING: CSS error: 'https://maxcdn.bootstrapcdn.com/bootstrap/3.3.6/css/bootstrap.min.css' [5:70188] Error in media list. (Invalid token "(". Was expecting one of: <S>, <IDENT>.)
Apr 27, 2016 4:48:27 PM com.gargoylesoftware.htmlunit.DefaultCssErrorHandler error
WARNING: CSS error: 'https://maxcdn.bootstrapcdn.com/bootstrap/3.3.6/css/bootstrap.min.css' [5:70655] Error in media list. (Invalid token "(". Was expecting one of: <S>, <IDENT>.)
Apr 27, 2016 4:48:27 PM com.gargoylesoftware.htmlunit.DefaultCssErrorHandler error
WARNING: CSS error: 'https://maxcdn.bootstrapcdn.com/bootstrap/3.3.6/css/bootstrap.min.css' [5:71121] Error in media list. (Invalid token "(". Was expecting one of: <S>, <IDENT>.)
Apr 27, 2016 4:48:27 PM com.gargoylesoftware.htmlunit.DefaultCssErrorHandler error
WARNING: CSS error: 'https://maxcdn.bootstrapcdn.com/bootstrap/3.3.6/css/bootstrap.min.css' [5:72047] Error in media list. (Invalid token "(". Was expecting one of: <S>, <IDENT>.)
Apr 27, 2016 4:48:27 PM com.gargoylesoftware.htmlunit.DefaultCssErrorHandler error
WARNING: CSS error: 'https://maxcdn.bootstrapcdn.com/bootstrap/3.3.6/css/bootstrap.min.css' [5:72168] Error in media list. (Invalid token "(". Was expecting one of: <S>, <IDENT>.)
Apr 27, 2016 4:48:27 PM com.gargoylesoftware.htmlunit.DefaultCssErrorHandler error
WARNING: CSS error: 'https://maxcdn.bootstrapcdn.com/bootstrap/3.3.6/css/bootstrap.min.css' [5:72801] Error in media list. (Invalid token "(". Was expecting one of: <S>, <IDENT>.)
Apr 27, 2016 4:48:27 PM com.gargoylesoftware.htmlunit.DefaultCssErrorHandler error
WARNING: CSS error: 'https://maxcdn.bootstrapcdn.com/bootstrap/3.3.6/css/bootstrap.min.css' [5:72886] Error in media list. (Invalid token "(". Was expecting one of: <S>, <IDENT>.)
Apr 27, 2016 4:48:27 PM com.gargoylesoftware.htmlunit.DefaultCssErrorHandler error
WARNING: CSS error: 'https://maxcdn.bootstrapcdn.com/bootstrap/3.3.6/css/bootstrap.min.css' [5:74245] Error in media list. (Invalid token "(". Was expecting one of: <S>, <IDENT>.)
Apr 27, 2016 4:48:27 PM com.gargoylesoftware.htmlunit.DefaultCssErrorHandler error
WARNING: CSS error: 'https://maxcdn.bootstrapcdn.com/bootstrap/3.3.6/css/bootstrap.min.css' [5:76555] Error in media list. (Invalid token "(". Was expecting one of: <S>, <IDENT>.)
Apr 27, 2016 4:48:27 PM com.gargoylesoftware.htmlunit.DefaultCssErrorHandler error
WARNING: CSS error: 'https://maxcdn.bootstrapcdn.com/bootstrap/3.3.6/css/bootstrap.min.css' [5:82579] Error in @media rule. (Invalid token "and". Was expecting one of: <S>, <LBRACE>, <COMMA>.)
Apr 27, 2016 4:48:27 PM com.gargoylesoftware.htmlunit.DefaultCssErrorHandler warning
WARNING: CSS warning: 'https://maxcdn.bootstrapcdn.com/bootstrap/3.3.6/css/bootstrap.min.css' [5:82579] Ignoring the whole rule.
Apr 27, 2016 4:48:27 PM com.gargoylesoftware.htmlunit.DefaultCssErrorHandler error
WARNING: CSS error: 'https://maxcdn.bootstrapcdn.com/bootstrap/3.3.6/css/bootstrap.min.css' [5:107662] Error in media list. (Invalid token "(". Was expecting one of: <S>, <IDENT>.)
Apr 27, 2016 4:48:27 PM com.gargoylesoftware.htmlunit.DefaultCssErrorHandler error
WARNING: CSS error: 'https://maxcdn.bootstrapcdn.com/bootstrap/3.3.6/css/bootstrap.min.css' [5:107850] Error in media list. (Invalid token "(". Was expecting one of: <S>, <IDENT>.)
Apr 27, 2016 4:48:27 PM com.gargoylesoftware.htmlunit.DefaultCssErrorHandler error
WARNING: CSS error: 'https://maxcdn.bootstrapcdn.com/bootstrap/3.3.6/css/bootstrap.min.css' [5:112144] Error in @media rule. (Invalid token "and". Was expecting one of: <S>, <LBRACE>, <COMMA>.)
Apr 27, 2016 4:48:27 PM com.gargoylesoftware.htmlunit.DefaultCssErrorHandler warning
WARNING: CSS warning: 'https://maxcdn.bootstrapcdn.com/bootstrap/3.3.6/css/bootstrap.min.css' [5:112144] Ignoring the whole rule.
Apr 27, 2016 4:48:27 PM com.gargoylesoftware.htmlunit.DefaultCssErrorHandler error
WARNING: CSS error: 'https://maxcdn.bootstrapcdn.com/bootstrap/3.3.6/css/bootstrap.min.css' [5:113907] Error in expression; ':' found after identifier "progid".
Apr 27, 2016 4:48:27 PM com.gargoylesoftware.htmlunit.DefaultCssErrorHandler error
WARNING: CSS error: 'https://maxcdn.bootstrapcdn.com/bootstrap/3.3.6/css/bootstrap.min.css' [5:114450] Error in expression; ':' found after identifier "progid".
Apr 27, 2016 4:48:27 PM com.gargoylesoftware.htmlunit.DefaultCssErrorHandler error
WARNING: CSS error: 'https://maxcdn.bootstrapcdn.com/bootstrap/3.3.6/css/bootstrap.min.css' [5:115618] Invalid color "#000\9".
Apr 27, 2016 4:48:27 PM com.gargoylesoftware.htmlunit.DefaultCssErrorHandler error
WARNING: CSS error: 'https://maxcdn.bootstrapcdn.com/bootstrap/3.3.6/css/bootstrap.min.css' [5:116015] Error in @media rule. (Invalid token "and". Was expecting one of: <S>, <LBRACE>, <COMMA>.)
Apr 27, 2016 4:48:27 PM com.gargoylesoftware.htmlunit.DefaultCssErrorHandler warning
WARNING: CSS warning: 'https://maxcdn.bootstrapcdn.com/bootstrap/3.3.6/css/bootstrap.min.css' [5:116015] Ignoring the whole rule.
Apr 27, 2016 4:48:27 PM com.gargoylesoftware.htmlunit.DefaultCssErrorHandler error
WARNING: CSS error: 'https://maxcdn.bootstrapcdn.com/bootstrap/3.3.6/css/bootstrap.min.css' [5:118272] Error in media list. (Invalid token "(". Was expecting one of: <S>, <IDENT>.)
Apr 27, 2016 4:48:27 PM com.gargoylesoftware.htmlunit.DefaultCssErrorHandler error
WARNING: CSS error: 'https://maxcdn.bootstrapcdn.com/bootstrap/3.3.6/css/bootstrap.min.css' [5:118474] Error in media list. (Invalid token "(". Was expecting one of: <S>, <IDENT>.)
Apr 27, 2016 4:48:27 PM com.gargoylesoftware.htmlunit.DefaultCssErrorHandler error
WARNING: CSS error: 'https://maxcdn.bootstrapcdn.com/bootstrap/3.3.6/css/bootstrap.min.css' [5:118542] Error in media list. (Invalid token "(". Was expecting one of: <S>, <IDENT>.)
Apr 27, 2016 4:48:27 PM com.gargoylesoftware.htmlunit.DefaultCssErrorHandler error
WARNING: CSS error: 'https://maxcdn.bootstrapcdn.com/bootstrap/3.3.6/css/bootstrap.min.css' [5:118612] Error in media list. (Invalid token "(". Was expecting one of: <S>, <IDENT>.)
Apr 27, 2016 4:48:27 PM com.gargoylesoftware.htmlunit.DefaultCssErrorHandler error
WARNING: CSS error: 'https://maxcdn.bootstrapcdn.com/bootstrap/3.3.6/css/bootstrap.min.css' [5:118694] Error in media list. (Invalid token "(". Was expecting one of: <S>, <IDENT>.)
Apr 27, 2016 4:48:27 PM com.gargoylesoftware.htmlunit.DefaultCssErrorHandler error
WARNING: CSS error: 'https://maxcdn.bootstrapcdn.com/bootstrap/3.3.6/css/bootstrap.min.css' [5:118918] Error in media list. (Invalid token "(". Was expecting one of: <S>, <IDENT>.)
Apr 27, 2016 4:48:27 PM com.gargoylesoftware.htmlunit.DefaultCssErrorHandler error
WARNING: CSS error: 'https://maxcdn.bootstrapcdn.com/bootstrap/3.3.6/css/bootstrap.min.css' [5:119008] Error in media list. (Invalid token "(". Was expecting one of: <S>, <IDENT>.)
Apr 27, 2016 4:48:27 PM com.gargoylesoftware.htmlunit.DefaultCssErrorHandler error
WARNING: CSS error: 'https://maxcdn.bootstrapcdn.com/bootstrap/3.3.6/css/bootstrap.min.css' [5:119100] Error in media list. (Invalid token "(". Was expecting one of: <S>, <IDENT>.)
Apr 27, 2016 4:48:27 PM com.gargoylesoftware.htmlunit.DefaultCssErrorHandler error
WARNING: CSS error: 'https://maxcdn.bootstrapcdn.com/bootstrap/3.3.6/css/bootstrap.min.css' [5:119204] Error in media list. (Invalid token "(". Was expecting one of: <S>, <IDENT>.)
Apr 27, 2016 4:48:27 PM com.gargoylesoftware.htmlunit.DefaultCssErrorHandler error
WARNING: CSS error: 'https://maxcdn.bootstrapcdn.com/bootstrap/3.3.6/css/bootstrap.min.css' [5:119429] Error in media list. (Invalid token "(". Was expecting one of: <S>, <IDENT>.)
Apr 27, 2016 4:48:27 PM com.gargoylesoftware.htmlunit.DefaultCssErrorHandler error
WARNING: CSS error: 'https://maxcdn.bootstrapcdn.com/bootstrap/3.3.6/css/bootstrap.min.css' [5:119520] Error in media list. (Invalid token "(". Was expecting one of: <S>, <IDENT>.)
Apr 27, 2016 4:48:27 PM com.gargoylesoftware.htmlunit.DefaultCssErrorHandler error
WARNING: CSS error: 'https://maxcdn.bootstrapcdn.com/bootstrap/3.3.6/css/bootstrap.min.css' [5:119613] Error in media list. (Invalid token "(". Was expecting one of: <S>, <IDENT>.)
Apr 27, 2016 4:48:27 PM com.gargoylesoftware.htmlunit.DefaultCssErrorHandler error
WARNING: CSS error: 'https://maxcdn.bootstrapcdn.com/bootstrap/3.3.6/css/bootstrap.min.css' [5:119718] Error in media list. (Invalid token "(". Was expecting one of: <S>, <IDENT>.)
Apr 27, 2016 4:48:27 PM com.gargoylesoftware.htmlunit.DefaultCssErrorHandler error
WARNING: CSS error: 'https://maxcdn.bootstrapcdn.com/bootstrap/3.3.6/css/bootstrap.min.css' [5:119921] Error in media list. (Invalid token "(". Was expecting one of: <S>, <IDENT>.)
Apr 27, 2016 4:48:27 PM com.gargoylesoftware.htmlunit.DefaultCssErrorHandler error
WARNING: CSS error: 'https://maxcdn.bootstrapcdn.com/bootstrap/3.3.6/css/bootstrap.min.css' [5:119990] Error in media list. (Invalid token "(". Was expecting one of: <S>, <IDENT>.)
Apr 27, 2016 4:48:27 PM com.gargoylesoftware.htmlunit.DefaultCssErrorHandler error
WARNING: CSS error: 'https://maxcdn.bootstrapcdn.com/bootstrap/3.3.6/css/bootstrap.min.css' [5:120061] Error in media list. (Invalid token "(". Was expecting one of: <S>, <IDENT>.)
Apr 27, 2016 4:48:27 PM com.gargoylesoftware.htmlunit.DefaultCssErrorHandler error
WARNING: CSS error: 'https://maxcdn.bootstrapcdn.com/bootstrap/3.3.6/css/bootstrap.min.css' [5:120144] Error in media list. (Invalid token "(". Was expecting one of: <S>, <IDENT>.)
Apr 27, 2016 4:48:27 PM com.gargoylesoftware.htmlunit.DefaultCssErrorHandler error
WARNING: CSS error: 'https://maxcdn.bootstrapcdn.com/bootstrap/3.3.6/css/bootstrap.min.css' [5:120204] Error in media list. (Invalid token "(". Was expecting one of: <S>, <IDENT>.)
Apr 27, 2016 4:48:27 PM com.gargoylesoftware.htmlunit.DefaultCssErrorHandler error
WARNING: CSS error: 'https://maxcdn.bootstrapcdn.com/bootstrap/3.3.6/css/bootstrap.min.css' [5:120286] Error in media list. (Invalid token "(". Was expecting one of: <S>, <IDENT>.)
Apr 27, 2016 4:48:27 PM com.gargoylesoftware.htmlunit.DefaultCssErrorHandler error
WARNING: CSS error: 'https://maxcdn.bootstrapcdn.com/bootstrap/3.3.6/css/bootstrap.min.css' [5:120369] Error in media list. (Invalid token "(". Was expecting one of: <S>, <IDENT>.)
Apr 27, 2016 4:48:27 PM com.gargoylesoftware.htmlunit.DefaultCssErrorHandler error
WARNING: CSS error: 'http://localhost:4567/app.css' [1:1] Error in style sheet. (Invalid token "<". Was expecting one of: <EOF>, <S>, <IDENT>, "<!--", "-->", <HASH>, <IMPORT_SYM>, <PAGE_SYM>, <MEDIA_SYM>, <FONT_FACE_SYM>, <CHARSET_SYM>, ".", ":", "*", "[", <ATKEYWORD>.)
Apr 27, 2016 4:48:27 PM com.gargoylesoftware.htmlunit.DefaultCssErrorHandler error
WARNING: CSS error: 'http://localhost:4567/app.css' [1:1] Error in style sheet. (Invalid token "<". Was expecting one of: <EOF>, <S>, <IDENT>, "<!--", "-->", <HASH>, <IMPORT_SYM>, <PAGE_SYM>, <MEDIA_SYM>, <FONT_FACE_SYM>, <CHARSET_SYM>, ".", ":", "*", "[", <ATKEYWORD>.)
Apr 27, 2016 4:48:27 PM com.gargoylesoftware.htmlunit.DefaultCssErrorHandler error
WARNING: CSS error: 'http://localhost:4567/app.css' [1:1] Error in style sheet. (Invalid token "<". Was expecting one of: <EOF>, <S>, <IDENT>, "<!--", "-->", <HASH>, <IMPORT_SYM>, <PAGE_SYM>, <MEDIA_SYM>, <FONT_FACE_SYM>, <CHARSET_SYM>, ".", ":", "*", "[", <ATKEYWORD>.)
[qtp127134239-18] ERROR spark.webserver.MatcherFilter - 
java.lang.NumberFormatException: For input string: "$category.getId()"
	at java.lang.NumberFormatException.forInputString(NumberFormatException.java:65)
	at java.lang.Integer.parseInt(Integer.java:569)
	at java.lang.Integer.parseInt(Integer.java:615)
	at App.lambda$main$9(App.java:84)
	at spark.TemplateViewRouteImpl$1.handle(TemplateViewRouteImpl.java:66)
	at spark.webserver.MatcherFilter.doFilter(MatcherFilter.java:162)
	at spark.webserver.JettyHandler.doHandle(JettyHandler.java:61)
	at org.eclipse.jetty.server.session.SessionHandler.doScope(SessionHandler.java:189)
	at org.eclipse.jetty.server.handler.ScopedHandler.handle(ScopedHandler.java:141)
	at org.eclipse.jetty.server.handler.HandlerList.handle(HandlerList.java:52)
	at org.eclipse.jetty.server.handler.HandlerWrapper.handle(HandlerWrapper.java:119)
	at org.eclipse.jetty.server.Server.handle(Server.java:517)
	at org.eclipse.jetty.server.HttpChannel.handle(HttpChannel.java:302)
	at org.eclipse.jetty.server.HttpConnection.onFillable(HttpConnection.java:242)
	at org.eclipse.jetty.io.AbstractConnection$ReadCallback.succeeded(AbstractConnection.java:245)
	at org.eclipse.jetty.io.FillInterest.fillable(FillInterest.java:95)
	at org.eclipse.jetty.io.SelectChannelEndPoint$2.run(SelectChannelEndPoint.java:75)
	at org.eclipse.jetty.util.thread.strategy.ExecuteProduceConsume.produceAndRun(ExecuteProduceConsume.java:213)
	at org.eclipse.jetty.util.thread.strategy.ExecuteProduceConsume.run(ExecuteProduceConsume.java:147)
	at org.eclipse.jetty.util.thread.QueuedThreadPool.runJob(QueuedThreadPool.java:654)
	at org.eclipse.jetty.util.thread.QueuedThreadPool$3.run(QueuedThreadPool.java:572)
	at java.lang.Thread.run(Thread.java:745)
[Test worker] INFO spark.webserver.JettySparkServer - >>> Spark shutting down ...
[Test worker] INFO org.eclipse.jetty.server.ServerConnector - Stopped ServerConnector@669a726a{HTTP/1.1,[http/1.1]}{0.0.0.0:4567}
[Test worker] INFO spark.webserver.JettySparkServer - done
]]></system-err>
</testsuite>
